#
# A fatal error has been detected by the Java Runtime Environment:
#
#  EXCEPTION_ACCESS_VIOLATION (0xc0000005) at pc=0x0000000180009ce6, pid=6424, tid=6108
#
# JRE version: Java(TM) SE Runtime Environment (8.0_45-b14) (build 1.8.0_45-b14)
# Java VM: Java HotSpot(TM) 64-Bit Server VM (25.45-b02 mixed mode windows-amd64 compressed oops)
# Problematic frame:
# C  [zkfpslibLow.dll+0x9ce6]
#
# Failed to write core dump. Minidumps are not enabled by default on client versions of Windows
#
# If you would like to submit a bug report, please visit:
#   http://bugreport.java.com/bugreport/crash.jsp
# The crash happened outside the Java Virtual Machine in native code.
# See problematic frame for where to report the bug.
#

---------------  T H R E A D  ---------------

Current thread (0x00000000199a5000):  JavaThread "Thread-21" daemon [_thread_in_native, id=6108, stack(0x000000001dc10000,0x000000001dd10000)]

siginfo: ExceptionCode=0xc0000005, writing address 0x000000018001fe56

Registers:
RAX=0x000000018001c000, RBX=0x0000000000003647, RCX=0x000000018001fe56, RDX=0xfffffffe996675b0
RSP=0x000000001dd0f198, RBP=0x0000000019683dc0, RSI=0x000000001c84aae0, RDI=0x000000001c84ab50
R8 =0x0000000000003646, R9 =0x0000000000000000, R10=0x000032325253c54a, R11=0x000000018001c810
R12=0x0000000018befa90, R13=0x0000000000000800, R14=0x000000001dd0f370, R15=0x00000000199a5000
RIP=0x0000000180009ce6, EFLAGS=0x0000000000010202

Top of Stack: (sp=0x000000001dd0f198)
0x000000001dd0f198:   00000001800039ee 000000000000001e
0x000000001dd0f1a8:   0000000180003252 00007ff9d63024e0
0x000000001dd0f1b8:   0000000000000000 0000000019683dc0
0x000000001dd0f1c8:   000000001cdf0c40 000000001dd0f348
0x000000001dd0f1d8:   00007ff9d62230cd 0000000000000000
0x000000001dd0f1e8:   00007ff9d63024e0 0000000018befa90
0x000000001dd0f1f8:   0000000000000000 0000000000000001
0x000000001dd0f208:   000000001dd0f1e0 0000000018befa90
0x000000001dd0f218:   00007ff9ddb94caf 0000000019683dc0
0x000000001dd0f228:   000000001dd0f368 0000000018befa90
0x000000001dd0f238:   00000000199a51f8 00000000199a51f8
0x000000001dd0f248:   00007ff9ddb936da 0000000019683dc0
0x000000001dd0f258:   000000001dd0f368 0000000018befa90
0x000000001dd0f268:   0000000000000800 000000000000000a
0x000000001dd0f278:   0000000000000000 0000000000000000
0x000000001dd0f288:   000000001dd0f250 0000000018befa90 

Instructions: (pc=0x0000000180009ce6)
0x0000000180009cc6:   66 90 66 90 49 03 c8 49 83 f8 08 72 61 f6 c1 07
0x0000000180009cd6:   74 36 f6 c1 01 74 0b 48 ff c9 8a 04 0a 49 ff c8
0x0000000180009ce6:   88 01 f6 c1 02 74 0f 48 83 e9 02 66 8b 04 0a 49
0x0000000180009cf6:   83 e8 02 66 89 01 f6 c1 04 74 0d 48 83 e9 04 8b 


Register to memory mapping:

RAX=0x000000018001c000 is an unknown value
RBX=0x0000000000003647 is an unknown value
RCX=0x000000018001fe56 is an unknown value
RDX=0xfffffffe996675b0 is an unknown value
RSP=0x000000001dd0f198 is pointing into the stack for thread: 0x00000000199a5000
RBP=0x0000000019683dc0 is an unknown value
RSI=0x000000001c84aae0 is an unknown value
RDI=0x000000001c84ab50 is an unknown value
R8 =0x0000000000003646 is an unknown value
R9 =0x0000000000000000 is an unknown value
R10=0x000032325253c54a is an unknown value
R11=0x000000018001c810 is an unknown value
R12=0x0000000018befa90 is an unknown value
R13=0x0000000000000800 is an unknown value
R14=0x000000001dd0f370 is pointing into the stack for thread: 0x00000000199a5000
R15=0x00000000199a5000 is a thread


Stack: [0x000000001dc10000,0x000000001dd10000],  sp=0x000000001dd0f198,  free space=1020k
Native frames: (J=compiled Java code, j=interpreted, Vv=VM code, C=native code)
C  [zkfpslibLow.dll+0x9ce6]

Java frames: (J=compiled Java code, j=interpreted, Vv=VM code)
j  com.zkteco.biometric.ZKFPService.MatchFP([B[B)I+0
j  com.zkteco.biometric.FingerprintSensorEx.DBMatch(J[B[B)I+12
j  com.imildo.represencas_api_fingerprint_.controller.SessaoController.getTemplate()Ljava/lang/Integer;+280
j  com.imildo.represencas_api_fingerprint_.controller.SessaoController.access$1100(Lcom/imildo/represencas_api_fingerprint_/controller/SessaoController;)Ljava/lang/Integer;+1
j  com.imildo.represencas_api_fingerprint_.controller.SessaoController$WorkThread.run()V+216
v  ~StubRoutines::call_stub

---------------  P R O C E S S  ---------------

Java Threads: ( => current thread )
=>0x00000000199a5000 JavaThread "Thread-21" daemon [_thread_in_native, id=6108, stack(0x000000001dc10000,0x000000001dd10000)]
  0x00000000199ac800 JavaThread "RMI TCP Connection(5)-127.0.0.1" daemon [_thread_in_native, id=8012, stack(0x000000001ca00000,0x000000001cb00000)]
  0x00000000199a6800 JavaThread "RMI TCP Connection(3)-127.0.0.1" daemon [_thread_in_native, id=3248, stack(0x000000001c900000,0x000000001ca00000)]
  0x00000000199a9000 JavaThread "DestroyJavaVM" [_thread_blocked, id=4900, stack(0x00000000025d0000,0x00000000026d0000)]
  0x00000000199a9800 JavaThread "http-nio-8081-Acceptor" daemon [_thread_in_native, id=5400, stack(0x000000001c700000,0x000000001c800000)]
  0x00000000199ab000 JavaThread "http-nio-8081-ClientPoller" daemon [_thread_in_native, id=6816, stack(0x000000001c600000,0x000000001c700000)]
  0x00000000199a7800 JavaThread "http-nio-8081-exec-10" daemon [_thread_blocked, id=5416, stack(0x000000001c500000,0x000000001c600000)]
  0x00000000199aa800 JavaThread "http-nio-8081-exec-9" daemon [_thread_blocked, id=7116, stack(0x000000001c400000,0x000000001c500000)]
  0x00000000199ac000 JavaThread "http-nio-8081-exec-8" daemon [_thread_blocked, id=5964, stack(0x000000001c300000,0x000000001c400000)]
  0x00000000199a8000 JavaThread "http-nio-8081-exec-7" daemon [_thread_blocked, id=3540, stack(0x000000001c200000,0x000000001c300000)]
  0x0000000019145000 JavaThread "http-nio-8081-exec-6" daemon [_thread_blocked, id=3468, stack(0x000000001c100000,0x000000001c200000)]
  0x0000000019144800 JavaThread "http-nio-8081-exec-5" daemon [_thread_blocked, id=7908, stack(0x000000001c000000,0x000000001c100000)]
  0x0000000019143800 JavaThread "http-nio-8081-exec-4" daemon [_thread_blocked, id=7276, stack(0x000000001bf00000,0x000000001c000000)]
  0x0000000019143000 JavaThread "http-nio-8081-exec-3" daemon [_thread_blocked, id=7296, stack(0x000000001be00000,0x000000001bf00000)]
  0x0000000019142000 JavaThread "http-nio-8081-exec-2" daemon [_thread_blocked, id=6352, stack(0x000000001bd00000,0x000000001be00000)]
  0x0000000019141800 JavaThread "http-nio-8081-exec-1" daemon [_thread_blocked, id=6600, stack(0x000000001bc00000,0x000000001bd00000)]
  0x0000000019146000 JavaThread "http-nio-8081-BlockPoller" daemon [_thread_in_native, id=6220, stack(0x000000001bb00000,0x000000001bc00000)]
  0x0000000019148000 JavaThread "HikariPool-1 housekeeper" daemon [_thread_blocked, id=7844, stack(0x000000001aa00000,0x000000001ab00000)]
  0x0000000019147800 JavaThread "Abandoned connection cleanup thread" daemon [_thread_blocked, id=5932, stack(0x000000001a600000,0x000000001a700000)]
  0x0000000019121000 JavaThread "container-0" [_thread_blocked, id=3520, stack(0x000000001a500000,0x000000001a600000)]
  0x0000000019056000 JavaThread "Catalina-utility-2" [_thread_blocked, id=6552, stack(0x000000001a400000,0x000000001a500000)]
  0x0000000019055000 JavaThread "Catalina-utility-1" [_thread_blocked, id=7272, stack(0x0000000018330000,0x0000000018430000)]
  0x000000001706c800 JavaThread "RMI Scheduler(0)" daemon [_thread_blocked, id=1580, stack(0x0000000018230000,0x0000000018330000)]
  0x0000000017069800 JavaThread "RMI TCP Connection(idle)" daemon [_thread_blocked, id=7388, stack(0x0000000018130000,0x0000000018230000)]
  0x0000000016fc3800 JavaThread "RMI TCP Connection(1)-127.0.0.1" daemon [_thread_in_native, id=8116, stack(0x0000000017d50000,0x0000000017e50000)]
  0x0000000016ece000 JavaThread "RMI TCP Accept-0" daemon [_thread_in_native, id=7208, stack(0x0000000017b50000,0x0000000017c50000)]
  0x0000000016ec4000 JavaThread "RMI TCP Accept-63316" daemon [_thread_in_native, id=7344, stack(0x0000000017a50000,0x0000000017b50000)]
  0x0000000016eb7800 JavaThread "RMI TCP Accept-0" daemon [_thread_in_native, id=716, stack(0x0000000017950000,0x0000000017a50000)]
  0x00000000167eb800 JavaThread "Service Thread" daemon [_thread_blocked, id=5884, stack(0x0000000016c10000,0x0000000016d10000)]
  0x000000001676e000 JavaThread "C1 CompilerThread2" daemon [_thread_blocked, id=4500, stack(0x0000000016b10000,0x0000000016c10000)]
  0x000000001676b800 JavaThread "C2 CompilerThread1" daemon [_thread_blocked, id=7592, stack(0x0000000016a10000,0x0000000016b10000)]
  0x0000000016768800 JavaThread "C2 CompilerThread0" daemon [_thread_blocked, id=2468, stack(0x0000000016910000,0x0000000016a10000)]
  0x000000001675c000 JavaThread "Monitor Ctrl-Break" daemon [_thread_in_native, id=5892, stack(0x0000000016810000,0x0000000016910000)]
  0x0000000014ec3000 JavaThread "Attach Listener" daemon [_thread_blocked, id=7604, stack(0x0000000016310000,0x0000000016410000)]
  0x0000000014ec1800 JavaThread "Signal Dispatcher" daemon [_thread_blocked, id=5168, stack(0x0000000016210000,0x0000000016310000)]
  0x00000000028cb000 JavaThread "Finalizer" daemon [_thread_blocked, id=1196, stack(0x0000000016110000,0x0000000016210000)]
  0x00000000028c2000 JavaThread "Reference Handler" daemon [_thread_blocked, id=7648, stack(0x0000000016010000,0x0000000016110000)]

Other Threads:
  0x0000000014e88000 VMThread [stack: 0x0000000015f10000,0x0000000016010000] [id=7328]
  0x0000000016ed0000 WatcherThread [stack: 0x0000000017c50000,0x0000000017d50000] [id=7740]

VM state:not at safepoint (normal execution)

VM Mutex/Monitor currently owned by a thread: None

Heap:
 PSYoungGen      total 135168K, used 70250K [0x00000000eb300000, 0x00000000f6000000, 0x0000000100000000)
  eden space 124416K, 47% used [0x00000000eb300000,0x00000000eed1f270,0x00000000f2c80000)
  from space 10752K, 99% used [0x00000000f2c80000,0x00000000f36fb968,0x00000000f3700000)
  to   space 13312K, 0% used [0x00000000f5300000,0x00000000f5300000,0x00000000f6000000)
 ParOldGen       total 61440K, used 19721K [0x00000000c1800000, 0x00000000c5400000, 0x00000000eb300000)
  object space 61440K, 32% used [0x00000000c1800000,0x00000000c2b424b0,0x00000000c5400000)
 Metaspace       used 50043K, capacity 52824K, committed 53120K, reserved 1095680K
  class space    used 7011K, capacity 7518K, committed 7552K, reserved 1048576K

Card table byte_map: [0x0000000011c90000,0x0000000011e90000] byte_map_base: 0x0000000011684000

Marking Bits: (ParMarkBitMap*) 0x0000000055334040
 Begin Bits: [0x00000000123e0000, 0x0000000013380000)
 End Bits:   [0x0000000013380000, 0x0000000014320000)

Polling page: 0x0000000000c10000

CodeCache: size=245760Kb used=7089Kb max_used=7174Kb free=238670Kb
 bounds [0x00000000028d0000, 0x0000000002fe0000, 0x00000000118d0000]
 total_blobs=4365 nmethods=3801 adapters=474
 compilation: enabled

Compilation events (10 events):
Event: 26.332 Thread 0x000000001676e000 3850       1       sun.reflect.generics.scope.AbstractScope::getRecvr (5 bytes)
Event: 26.332 Thread 0x000000001676e000 nmethod 3850 0x0000000002d10810 code [0x0000000002d10960, 0x0000000002d10a70]
Event: 26.335 Thread 0x000000001676e000 3851       1       com.mysql.jdbc.Buffer::writeByte (23 bytes)
Event: 26.335 Thread 0x000000001676e000 nmethod 3851 0x0000000002d10410 code [0x0000000002d10580, 0x0000000002d10708]
Event: 26.335 Thread 0x000000001676e000 3852       1       java.io.FileDescriptor::valid (25 bytes)
Event: 26.335 Thread 0x000000001676e000 nmethod 3852 0x0000000002d10110 code [0x0000000002d10260, 0x0000000002d103b0]
Event: 26.336 Thread 0x000000001676e000 3853       1       java.io.FileDescriptor$1::get (5 bytes)
Event: 26.336 Thread 0x000000001676e000 nmethod 3853 0x0000000002d0fe10 code [0x0000000002d0ff60, 0x0000000002d10070]
Event: 26.336 Thread 0x000000001676e000 3854       1       java.net.DualStackPlainSocketImpl::checkAndReturnNativeFD (40 bytes)
Event: 26.336 Thread 0x000000001676e000 nmethod 3854 0x0000000002d0f950 code [0x0000000002d0fac0, 0x0000000002d0fce8]

GC Heap History (10 events):
Event: 4.136 GC heap before
{Heap before GC invocations=9 (full 1):
 PSYoungGen      total 71168K, used 64512K [0x00000000eb300000, 0x00000000f3e00000, 0x0000000100000000)
  eden space 64512K, 100% used [0x00000000eb300000,0x00000000ef200000,0x00000000ef200000)
  from space 6656K, 0% used [0x00000000ef200000,0x00000000ef200000,0x00000000ef880000)
  to   space 6656K, 0% used [0x00000000f3780000,0x00000000f3780000,0x00000000f3e00000)
 ParOldGen       total 35840K, used 8577K [0x00000000c1800000, 0x00000000c3b00000, 0x00000000eb300000)
  object space 35840K, 23% used [0x00000000c1800000,0x00000000c2060678,0x00000000c3b00000)
 Metaspace       used 23374K, capacity 24496K, committed 24704K, reserved 1071104K
  class space    used 3187K, capacity 3447K, committed 3456K, reserved 1048576K
Event: 4.143 GC heap after
Heap after GC invocations=9 (full 1):
 PSYoungGen      total 102400K, used 5648K [0x00000000eb300000, 0x00000000f3d80000, 0x0000000100000000)
  eden space 96256K, 0% used [0x00000000eb300000,0x00000000eb300000,0x00000000f1100000)
  from space 6144K, 91% used [0x00000000f3780000,0x00000000f3d040d0,0x00000000f3d80000)
  to   space 6656K, 0% used [0x00000000f3080000,0x00000000f3080000,0x00000000f3700000)
 ParOldGen       total 35840K, used 8585K [0x00000000c1800000, 0x00000000c3b00000, 0x00000000eb300000)
  object space 35840K, 23% used [0x00000000c1800000,0x00000000c2062678,0x00000000c3b00000)
 Metaspace       used 23374K, capacity 24496K, committed 24704K, reserved 1071104K
  class space    used 3187K, capacity 3447K, committed 3456K, reserved 1048576K
}
Event: 5.046 GC heap before
{Heap before GC invocations=10 (full 1):
 PSYoungGen      total 102400K, used 101904K [0x00000000eb300000, 0x00000000f3d80000, 0x0000000100000000)
  eden space 96256K, 100% used [0x00000000eb300000,0x00000000f1100000,0x00000000f1100000)
  from space 6144K, 91% used [0x00000000f3780000,0x00000000f3d040d0,0x00000000f3d80000)
  to   space 6656K, 0% used [0x00000000f3080000,0x00000000f3080000,0x00000000f3700000)
 ParOldGen       total 35840K, used 8585K [0x00000000c1800000, 0x00000000c3b00000, 0x00000000eb300000)
  object space 35840K, 23% used [0x00000000c1800000,0x00000000c2062678,0x00000000c3b00000)
 Metaspace       used 27719K, capacity 29348K, committed 29440K, reserved 1075200K
  class space    used 3789K, capacity 4091K, committed 4096K, reserved 1048576K
Event: 5.058 GC heap after
Heap after GC invocations=10 (full 1):
 PSYoungGen      total 130048K, used 6643K [0x00000000eb300000, 0x00000000f3b80000, 0x0000000100000000)
  eden space 123392K, 0% used [0x00000000eb300000,0x00000000eb300000,0x00000000f2b80000)
  from space 6656K, 99% used [0x00000000f3080000,0x00000000f36fcce0,0x00000000f3700000)
  to   space 4608K, 0% used [0x00000000f3700000,0x00000000f3700000,0x00000000f3b80000)
 ParOldGen       total 35840K, used 10171K [0x00000000c1800000, 0x00000000c3b00000, 0x00000000eb300000)
  object space 35840K, 28% used [0x00000000c1800000,0x00000000c21eece8,0x00000000c3b00000)
 Metaspace       used 27719K, capacity 29348K, committed 29440K, reserved 1075200K
  class space    used 3789K, capacity 4091K, committed 4096K, reserved 1048576K
}
Event: 5.899 GC heap before
{Heap before GC invocations=11 (full 1):
 PSYoungGen      total 130048K, used 57131K [0x00000000eb300000, 0x00000000f3b80000, 0x0000000100000000)
  eden space 123392K, 40% used [0x00000000eb300000,0x00000000ee44e1a0,0x00000000f2b80000)
  from space 6656K, 99% used [0x00000000f3080000,0x00000000f36fcce0,0x00000000f3700000)
  to   space 4608K, 0% used [0x00000000f3700000,0x00000000f3700000,0x00000000f3b80000)
 ParOldGen       total 35840K, used 10171K [0x00000000c1800000, 0x00000000c3b00000, 0x00000000eb300000)
  object space 35840K, 28% used [0x00000000c1800000,0x00000000c21eece8,0x00000000c3b00000)
 Metaspace       used 33564K, capacity 35276K, committed 35496K, reserved 1079296K
  class space    used 4531K, capacity 4861K, committed 4864K, reserved 1048576K
Event: 5.914 GC heap after
Heap after GC invocations=11 (full 1):
 PSYoungGen      total 129024K, used 4599K [0x00000000eb300000, 0x00000000f6180000, 0x0000000100000000)
  eden space 124416K, 0% used [0x00000000eb300000,0x00000000eb300000,0x00000000f2c80000)
  from space 4608K, 99% used [0x00000000f3700000,0x00000000f3b7de98,0x00000000f3b80000)
  to   space 10752K, 0% used [0x00000000f2c80000,0x00000000f2c80000,0x00000000f3700000)
 ParOldGen       total 35840K, used 17552K [0x00000000c1800000, 0x00000000c3b00000, 0x00000000eb300000)
  object space 35840K, 48% used [0x00000000c1800000,0x00000000c2924300,0x00000000c3b00000)
 Metaspace       used 33564K, capacity 35276K, committed 35496K, reserved 1079296K
  class space    used 4531K, capacity 4861K, committed 4864K, reserved 1048576K
}
Event: 5.914 GC heap before
{Heap before GC invocations=12 (full 2):
 PSYoungGen      total 129024K, used 4599K [0x00000000eb300000, 0x00000000f6180000, 0x0000000100000000)
  eden space 124416K, 0% used [0x00000000eb300000,0x00000000eb300000,0x00000000f2c80000)
  from space 4608K, 99% used [0x00000000f3700000,0x00000000f3b7de98,0x00000000f3b80000)
  to   space 10752K, 0% used [0x00000000f2c80000,0x00000000f2c80000,0x00000000f3700000)
 ParOldGen       total 35840K, used 17552K [0x00000000c1800000, 0x00000000c3b00000, 0x00000000eb300000)
  object space 35840K, 48% used [0x00000000c1800000,0x00000000c2924300,0x00000000c3b00000)
 Metaspace       used 33564K, capacity 35276K, committed 35496K, reserved 1079296K
  class space    used 4531K, capacity 4861K, committed 4864K, reserved 1048576K
Event: 6.025 GC heap after
Heap after GC invocations=12 (full 2):
 PSYoungGen      total 129024K, used 0K [0x00000000eb300000, 0x00000000f6180000, 0x0000000100000000)
  eden space 124416K, 0% used [0x00000000eb300000,0x00000000eb300000,0x00000000f2c80000)
  from space 4608K, 0% used [0x00000000f3700000,0x00000000f3700000,0x00000000f3b80000)
  to   space 10752K, 0% used [0x00000000f2c80000,0x00000000f2c80000,0x00000000f3700000)
 ParOldGen       total 61440K, used 16802K [0x00000000c1800000, 0x00000000c5400000, 0x00000000eb300000)
  object space 61440K, 27% used [0x00000000c1800000,0x00000000c2868bd0,0x00000000c5400000)
 Metaspace       used 33564K, capacity 35276K, committed 35496K, reserved 1079296K
  class space    used 4531K, capacity 4861K, committed 4864K, reserved 1048576K
}
Event: 7.797 GC heap before
{Heap before GC invocations=13 (full 2):
 PSYoungGen      total 129024K, used 124416K [0x00000000eb300000, 0x00000000f6180000, 0x0000000100000000)
  eden space 124416K, 100% used [0x00000000eb300000,0x00000000f2c80000,0x00000000f2c80000)
  from space 4608K, 0% used [0x00000000f3700000,0x00000000f3700000,0x00000000f3b80000)
  to   space 10752K, 0% used [0x00000000f2c80000,0x00000000f2c80000,0x00000000f3700000)
 ParOldGen       total 61440K, used 16802K [0x00000000c1800000, 0x00000000c5400000, 0x00000000eb300000)
  object space 61440K, 27% used [0x00000000c1800000,0x00000000c2868bd0,0x00000000c5400000)
 Metaspace       used 45119K, capacity 47500K, committed 47872K, reserved 1089536K
  class space    used 6380K, capacity 6787K, committed 6912K, reserved 1048576K
Event: 7.815 GC heap after
Heap after GC invocations=13 (full 2):
 PSYoungGen      total 135168K, used 10734K [0x00000000eb300000, 0x00000000f6000000, 0x0000000100000000)
  eden space 124416K, 0% used [0x00000000eb300000,0x00000000eb300000,0x00000000f2c80000)
  from space 10752K, 99% used [0x00000000f2c80000,0x00000000f36fb968,0x00000000f3700000)
  to   space 13312K, 0% used [0x00000000f5300000,0x00000000f5300000,0x00000000f6000000)
 ParOldGen       total 61440K, used 19721K [0x00000000c1800000, 0x00000000c5400000, 0x00000000eb300000)
  object space 61440K, 32% used [0x00000000c1800000,0x00000000c2b424b0,0x00000000c5400000)
 Metaspace       used 45119K, capacity 47500K, committed 47872K, reserved 1089536K
  class space    used 6380K, capacity 6787K, committed 6912K, reserved 1048576K
}

Deoptimization events (0 events):
No events

Internal exceptions (10 events):
Event: 8.021 Thread 0x00000000027d6000 Exception <a 'java/lang/ArrayIndexOutOfBoundsException'> (0x00000000ec089698) thrown at [C:\re\workspace\8-2-build-windows-amd64-cygwin\jdk8u45\3457\hotspot\src\share\vm\runtime\sharedRuntime.cpp, line 605]
Event: 8.026 Thread 0x00000000027d6000 Exception <a 'java/lang/ArrayIndexOutOfBoundsException'> (0x00000000ec0a44f0) thrown at [C:\re\workspace\8-2-build-windows-amd64-cygwin\jdk8u45\3457\hotspot\src\share\vm\runtime\sharedRuntime.cpp, line 605]
Event: 8.026 Thread 0x00000000027d6000 Exception <a 'java/lang/ArrayIndexOutOfBoundsException'> (0x00000000ec0a8278) thrown at [C:\re\workspace\8-2-build-windows-amd64-cygwin\jdk8u45\3457\hotspot\src\share\vm\runtime\sharedRuntime.cpp, line 605]
Event: 8.100 Thread 0x00000000027d6000 Exception <a 'java/lang/ArrayIndexOutOfBoundsException'> (0x00000000ec505690) thrown at [C:\re\workspace\8-2-build-windows-amd64-cygwin\jdk8u45\3457\hotspot\src\share\vm\runtime\sharedRuntime.cpp, line 605]
Event: 8.122 Thread 0x00000000027d6000 Exception <a 'java/lang/ArrayIndexOutOfBoundsException'> (0x00000000ec605fe0) thrown at [C:\re\workspace\8-2-build-windows-amd64-cygwin\jdk8u45\3457\hotspot\src\share\vm\runtime\sharedRuntime.cpp, line 605]
Event: 8.123 Thread 0x00000000027d6000 Exception <a 'java/lang/ArrayIndexOutOfBoundsException'> (0x00000000ec613228) thrown at [C:\re\workspace\8-2-build-windows-amd64-cygwin\jdk8u45\3457\hotspot\src\share\vm\runtime\sharedRuntime.cpp, line 605]
Event: 8.123 Thread 0x00000000027d6000 Exception <a 'java/lang/ArrayIndexOutOfBoundsException'> (0x00000000ec614f08) thrown at [C:\re\workspace\8-2-build-windows-amd64-cygwin\jdk8u45\3457\hotspot\src\share\vm\runtime\sharedRuntime.cpp, line 605]
Event: 26.243 Thread 0x00000000199a5000 Exception <a 'java/lang/NoSuchMethodError': java.lang.Object.lambda$mapIfAllPresent$6(Ljava/util/Optional;Ljava/util/function/BiFunction;Ljava/lang/Object;)Ljava/util/Optional;> (0x00000000eea344b8) thrown at [C:\re\workspace\8-2-build-windows-amd64-cygwin¿RT¡`>:@
Event: 26.244 Thread 0x00000000199a5000 Exception <a 'java/lang/NoSuchMethodError': java.lang.Object.lambda$null$5(Ljava/util/function/BiFunction;Ljava/lang/Object;Ljava/lang/Object;)Ljava/lang/Object;> (0x00000000eea38cd8) thrown at [C:\re\workspace\8-2-build-windows-amd64-cygwin\jdk8u45\3457\h÷5._‰T:@
Event: 26.332 Thread 0x00000000199a5000 Exception <a 'java/lang/ArrayIndexOutOfBoundsException'> (0x00000000eecdf008) thrown at [C:\re\workspace\8-2-build-windows-amd64-cygwin\jdk8u45\3457\hotspot\src\share\vm\runtime\sharedRuntime.cpp, line 605]

Events (10 events):
Event: 26.331 loading class org/springframework/data/repository/core/support/QueryExecutionResultHandler$ReturnTypeDescriptor
Event: 26.331 loading class org/springframework/data/repository/core/support/QueryExecutionResultHandler$ReturnTypeDescriptor done
Event: 26.333 loading class org/springframework/data/repository/util/ReactiveWrapperConverters
Event: 26.333 loading class org/springframework/data/repository/util/ReactiveWrapperConverters done
Event: 26.334 loading class org/springframework/data/repository/util/ReactiveWrapperConverters$RegistryHolder
Event: 26.334 loading class org/springframework/data/repository/util/ReactiveWrapperConverters$RegistryHolder done
Event: 26.336 loading class org/hibernate/engine/internal/EntityEntryContext$EntityEntryCrossRefImpl
Event: 26.336 loading class org/hibernate/engine/internal/EntityEntryContext$EntityEntryCrossRefImpl done
Event: 26.337 loading class org/hibernate/engine/internal/EntityEntryContext$EntityEntryCrossRef
Event: 26.337 loading class org/hibernate/engine/internal/EntityEntryContext$EntityEntryCrossRef done


Dynamic libraries:
0x00007ff65de70000 - 0x00007ff65dea7000 	C:\Program Files\Java\jdk1.8.0_45\bin\java.exe
0x00007ffa017c0000 - 0x00007ffa01982000 	C:\Windows\SYSTEM32\ntdll.dll
0x00007ff9fee80000 - 0x00007ff9fef2d000 	C:\Windows\system32\KERNEL32.DLL
0x00007ff9fe570000 - 0x00007ff9fe74d000 	C:\Windows\system32\KERNELBASE.dll
0x00007ff9ff0c0000 - 0x00007ff9ff166000 	C:\Windows\system32\ADVAPI32.dll
0x00007ffa010f0000 - 0x00007ffa0118d000 	C:\Windows\system32\msvcrt.dll
0x00007ffa01190000 - 0x00007ffa011eb000 	C:\Windows\system32\sechost.dll
0x00007ffa00e70000 - 0x00007ffa00f96000 	C:\Windows\system32\RPCRT4.dll
0x00007ffa00a40000 - 0x00007ffa00b8e000 	C:\Windows\system32\USER32.dll
0x00007ff9fef30000 - 0x00007ff9ff0b3000 	C:\Windows\system32\GDI32.dll
0x00007ff9ee210000 - 0x00007ff9ee484000 	C:\Windows\WinSxS\amd64_microsoft.windows.common-controls_6595b64144ccf1df_6.0.10240.17184_none_f41d7a705752bce6\COMCTL32.dll
0x00007ffa00e20000 - 0x00007ffa00e56000 	C:\Windows\system32\IMM32.DLL
0x00007ffa01260000 - 0x00007ffa013bc000 	C:\Windows\system32\MSCTF.dll
0x00000000553c0000 - 0x0000000055492000 	C:\Program Files\Java\jdk1.8.0_45\jre\bin\msvcr100.dll
0x0000000054b30000 - 0x00000000553b3000 	C:\Program Files\Java\jdk1.8.0_45\jre\bin\server\jvm.dll
0x00007ffa00e10000 - 0x00007ffa00e18000 	C:\Windows\system32\PSAPI.DLL
0x00007ff9f0ff0000 - 0x00007ff9f0ff9000 	C:\Windows\SYSTEM32\WSOCK32.dll
0x00007ffa007b0000 - 0x00007ffa00819000 	C:\Windows\system32\WS2_32.dll
0x00007ffa01250000 - 0x00007ffa01258000 	C:\Windows\system32\NSI.dll
0x00007ff9fc340000 - 0x00007ff9fc363000 	C:\Windows\SYSTEM32\WINMM.dll
0x00007ff9f3100000 - 0x00007ff9f310a000 	C:\Windows\SYSTEM32\VERSION.dll
0x00007ff9fc310000 - 0x00007ff9fc33c000 	C:\Windows\SYSTEM32\WINMMBASE.dll
0x00007ff9fee30000 - 0x00007ff9fee74000 	C:\Windows\system32\cfgmgr32.dll
0x00007ff9fcb60000 - 0x00007ff9fcb87000 	C:\Windows\SYSTEM32\DEVOBJ.dll
0x0000000054b20000 - 0x0000000054b2f000 	C:\Program Files\Java\jdk1.8.0_45\jre\bin\verify.dll
0x0000000054af0000 - 0x0000000054b19000 	C:\Program Files\Java\jdk1.8.0_45\jre\bin\java.dll
0x00000000547f0000 - 0x0000000054813000 	C:\Program Files\Java\jdk1.8.0_45\jre\bin\instrument.dll
0x0000000054ad0000 - 0x0000000054ae6000 	C:\Program Files\Java\jdk1.8.0_45\jre\bin\zip.dll
0x00007ff9ff220000 - 0x00007ffa00743000 	C:\Windows\system32\SHELL32.dll
0x00007ff9fe750000 - 0x00007ff9fed79000 	C:\Windows\system32\windows.storage.dll
0x00007ffa00b90000 - 0x00007ffa00e0c000 	C:\Windows\system32\combase.dll
0x00007ffa00750000 - 0x00007ffa007a1000 	C:\Windows\system32\shlwapi.dll
0x00007ff9fe1e0000 - 0x00007ff9fe1ef000 	C:\Windows\system32\kernel.appcore.dll
0x00007ff9fe280000 - 0x00007ff9fe333000 	C:\Windows\system32\shcore.dll
0x00007ff9fe210000 - 0x00007ff9fe25a000 	C:\Windows\system32\powrprof.dll
0x00007ff9fe1f0000 - 0x00007ff9fe203000 	C:\Windows\system32\profapi.dll
0x00007ff9f4880000 - 0x00007ff9f489a000 	C:\Program Files\JetBrains\IntelliJ IDEA 2018.3\bin\breakgen64.dll
0x0000000054ab0000 - 0x0000000054aca000 	C:\Program Files\Java\jdk1.8.0_45\jre\bin\net.dll
0x00007ff9fd9f0000 - 0x00007ff9fda4d000 	C:\Windows\system32\mswsock.dll
0x0000000054820000 - 0x000000005482d000 	C:\Program Files\Java\jdk1.8.0_45\jre\bin\management.dll
0x0000000054a90000 - 0x0000000054aa1000 	C:\Program Files\Java\jdk1.8.0_45\jre\bin\nio.dll
0x00007ff9f37b0000 - 0x00007ff9f37c5000 	C:\Windows\system32\napinsp.dll
0x00007ff9f3790000 - 0x00007ff9f37aa000 	C:\Windows\system32\pnrpnsp.dll
0x00007ff9fbe50000 - 0x00007ff9fbe68000 	C:\Windows\system32\NLAapi.dll
0x00007ff9fd790000 - 0x00007ff9fd838000 	C:\Windows\SYSTEM32\DNSAPI.dll
0x00007ff9f3780000 - 0x00007ff9f378d000 	C:\Windows\System32\winrnr.dll
0x00007ff9f3760000 - 0x00007ff9f3775000 	C:\Windows\system32\wshbth.dll
0x00007ff9f3d90000 - 0x00007ff9f3d9a000 	C:\Windows\System32\rasadhlp.dll
0x00007ff9f87b0000 - 0x00007ff9f87e8000 	C:\Windows\SYSTEM32\IPHLPAPI.DLL
0x00007ff9f9d90000 - 0x00007ff9f9d9b000 	C:\Windows\SYSTEM32\WINNSI.DLL
0x00007ff9f63e0000 - 0x00007ff9f6448000 	C:\Windows\System32\fwpuclnt.dll
0x00007ff9fe070000 - 0x00007ff9fe098000 	C:\Windows\SYSTEM32\bcrypt.dll
0x00007ff9fda50000 - 0x00007ff9fda67000 	C:\Windows\SYSTEM32\CRYPTSP.dll
0x00007ff9fd6a0000 - 0x00007ff9fd6d3000 	C:\Windows\system32\rsaenh.dll
0x00007ff9fd840000 - 0x00007ff9fd85f000 	C:\Windows\SYSTEM32\USERENV.dll
0x00007ff9fdfa0000 - 0x00007ff9fe00b000 	C:\Windows\system32\bcryptprimitives.dll
0x00007ff9fdbc0000 - 0x00007ff9fdbcb000 	C:\Windows\SYSTEM32\CRYPTBASE.dll
0x00007ff9f8200000 - 0x00007ff9f8216000 	C:\Windows\SYSTEM32\dhcpcsvc6.DLL
0x00007ff9f8580000 - 0x00007ff9f859a000 	C:\Windows\SYSTEM32\dhcpcsvc.DLL
0x00007ff9ddb90000 - 0x00007ff9ddbda000 	C:\Windows\System32\libzkfp.dll
0x00007ffa015f0000 - 0x00007ffa016b2000 	C:\Windows\system32\OLEAUT32.dll
0x00007ff9f4860000 - 0x00007ff9f487e000 	C:\Windows\SYSTEM32\ZKFPCap.dll
0x00007ff9d6220000 - 0x00007ff9d6312000 	C:\Windows\SYSTEM32\fpslib.dll
0x00007ff9e80b0000 - 0x00007ff9e80cd000 	C:\Windows\SYSTEM32\ZKFPSensors\libidfprcap.dll
0x00007ffa013c0000 - 0x00007ffa01585000 	C:\Windows\system32\SETUPAPI.dll
0x00007ff9ddfb0000 - 0x00007ff9ddfdd000 	C:\Windows\SYSTEM32\ZKFPSensors\libsilkidcap.dll
0x00007ff9e8090000 - 0x00007ff9e80ac000 	C:\Windows\SYSTEM32\libzksensorcore.dll
0x00000000547d0000 - 0x00000000547e5000 	C:\Windows\SYSTEM32\libusb0.dll
0x00007ff9d9a00000 - 0x00007ff9d9a48000 	C:\Windows\SYSTEM32\ZKFPSensors\libzklibcap.dll
0x0000000180000000 - 0x0000000180022000 	C:\Windows\SYSTEM32\zkfpslibLow.dll
0x000000001d200000 - 0x000000001d910000 	C:\Windows\SYSTEM32\fppswsk.dll
0x00007ff9f1610000 - 0x00007ff9f1694000 	C:\Windows\SYSTEM32\WINSPOOL.DRV
0x00007ff9fe510000 - 0x00007ff9fe564000 	C:\Windows\system32\WINTRUST.dll
0x00007ff9fe260000 - 0x00007ff9fe271000 	C:\Windows\system32\MSASN1.dll
0x00007ff9fe340000 - 0x00007ff9fe501000 	C:\Windows\system32\CRYPT32.dll
0x00007ff9e8c30000 - 0x00007ff9e8dba000 	C:\Windows\SYSTEM32\dbghelp.dll

VM Arguments:
jvm_args: -XX:TieredStopAtLevel=1 -Xverify:none -Dspring.output.ansi.enabled=always -Dcom.sun.management.jmxremote -Dcom.sun.management.jmxremote.port=63316 -Dcom.sun.management.jmxremote.authenticate=false -Dcom.sun.management.jmxremote.ssl=false -Djava.rmi.server.hostname=localhost -Dspring.liveBeansView.mbeanDomain -Dspring.application.admin.enabled=true -javaagent:C:\Program Files\JetBrains\IntelliJ IDEA 2018.3\lib\idea_rt.jar=63317:C:\Program Files\JetBrains\IntelliJ IDEA 2018.3\bin -Dfile.encoding=UTF-8 
java_command: com.imildo.represencas_api_fingerprint_.RepresencasApiFingerprintApplication
java_class_path (initial): C:\Program Files\Java\jdk1.8.0_45\jre\lib\charsets.jar;C:\Program Files\Java\jdk1.8.0_45\jre\lib\deploy.jar;C:\Program Files\Java\jdk1.8.0_45\jre\lib\ext\access-bridge-64.jar;C:\Program Files\Java\jdk1.8.0_45\jre\lib\ext\cldrdata.jar;C:\Program Files\Java\jdk1.8.0_45\jre\lib\ext\dnsns.jar;C:\Program Files\Java\jdk1.8.0_45\jre\lib\ext\jaccess.jar;C:\Program Files\Java\jdk1.8.0_45\jre\lib\ext\jfxrt.jar;C:\Program Files\Java\jdk1.8.0_45\jre\lib\ext\localedata.jar;C:\Program Files\Java\jdk1.8.0_45\jre\lib\ext\nashorn.jar;C:\Program Files\Java\jdk1.8.0_45\jre\lib\ext\sunec.jar;C:\Program Files\Java\jdk1.8.0_45\jre\lib\ext\sunjce_provider.jar;C:\Program Files\Java\jdk1.8.0_45\jre\lib\ext\sunmscapi.jar;C:\Program Files\Java\jdk1.8.0_45\jre\lib\ext\sunpkcs11.jar;C:\Program Files\Java\jdk1.8.0_45\jre\lib\ext\zipfs.jar;C:\Program Files\Java\jdk1.8.0_45\jre\lib\javaws.jar;C:\Program Files\Java\jdk1.8.0_45\jre\lib\jce.jar;C:\Program Files\Java\jdk1.8.0_45\jre\lib\jfr.jar;C:\Program Files\Java\jdk1.8.0_45\jre\lib\jfxswt.jar;C:\Program Files\Java\jdk1.8.0_45\jre\lib\jsse.jar;C:\Program Files\Java\jdk1.8.0_45\jre\lib\management-agent.jar;C:\Program Files\Java\jdk1.8.0_45\jre\lib\plugin.jar;C:\Program Files\Java\jdk1.8.0_45\jre\lib\resources.jar;C:\Program Files\Java\jdk1.8.0_45\jre\lib\rt.jar;C:\Users\Imildo Sitoe\OneDrive\Trabalho de Conclusao do Curso - Represencas\Web Project\represencas_api_fingerprint_\target\classes;C:\Users\Imildo Sitoe\.m2\repository\org\springframework\boot\spring-boot-starter-data-jpa\2.2.5.RELEASE\spring-boot-starter-data-jpa-2.2.5.RELEASE.jar;C:\Users\Imildo Sitoe\.m2\repository\org\springframework\boot\spring-boot-starter-aop\2.2.5.RELEASE\spring-boot-starter-aop-2.2.5.RELEASE.jar;C:\Users\Imildo Sitoe\.m2\repository\org\springframework\spring-aop\5.2.4.RELEASE\spring-aop-5.2.4.RELEASE.jar;C:\Users\Imildo Sitoe\.m2\repository\org\aspectj\aspectjweaver\1.9.5\aspectjweaver-1.9.5.jar;C:\Users\Imildo Sitoe\.m2\repository\org\s
Launcher Type: SUN_STANDARD

Environment Variables:
PATH=C:\ProgramData\Oracle\Java\javapath;C:\Windows\system32;C:\Windows;C:\Windows\System32\Wbem;C:\Windows\System32\WindowsPowerShell\v1.0\;C:\Program Files\Git\cmd;C:\Program Files (x86)\Common Files\lenovo\easyplussdk\bin;C:\Program Files\nodejs\;C:\xampp\php;C:\composer;C:\Program Files (x86)\Neurotechnology\FreeFingerprintVerificationSDK 1.0\bin\Win32_x86;;C:\Program Files\Microsoft VS Code\bin;C:\Users\Imildo Sitoe\AppData\Roaming\npm;C:\Program Files\JetBrains\PhpStorm 2019.3\bin;;C:\Users\Imildo Sitoe\AppData\Roaming\Composer\vendor\bin
USERNAME=Imildo Sitoe
OS=Windows_NT
PROCESSOR_IDENTIFIER=Intel64 Family 6 Model 58 Stepping 9, GenuineIntel



---------------  S Y S T E M  ---------------

OS: Windows 10.0 , 64 bit Build 10240 (10.0.10240.17113)

CPU:total 4 (2 cores per cpu, 2 threads per core) family 6 model 58 stepping 9, cmov, cx8, fxsr, mmx, sse, sse2, sse3, ssse3, sse4.1, sse4.2, popcnt, avx, clmul, erms, ht, tsc, tscinvbit, tscinv

Memory: 4k page, physical 4091160k(426740k free), swap 8809752k(3392112k free)

vm_info: Java HotSpot(TM) 64-Bit Server VM (25.45-b02) for windows-amd64 JRE (1.8.0_45-b14), built on Apr 10 2015 10:34:15 by "java_re" with MS VC++ 10.0 (VS2010)

time: Sat Mar 28 10:23:40 2020
elapsed time: 27 seconds (0d 0h 0m 27s)

