#
# A fatal error has been detected by the Java Runtime Environment:
#
#  EXCEPTION_ACCESS_VIOLATION (0xc0000005) at pc=0x0000000180009ce6, pid=6252, tid=6780
#
# JRE version: Java(TM) SE Runtime Environment (8.0_45-b14) (build 1.8.0_45-b14)
# Java VM: Java HotSpot(TM) 64-Bit Server VM (25.45-b02 mixed mode windows-amd64 compressed oops)
# Problematic frame:
# C  [zkfpslibLow.dll+0x9ce6]
#
# Failed to write core dump. Minidumps are not enabled by default on client versions of Windows
#
# If you would like to submit a bug report, please visit:
#   http://bugreport.java.com/bugreport/crash.jsp
# The crash happened outside the Java Virtual Machine in native code.
# See problematic frame for where to report the bug.
#

---------------  T H R E A D  ---------------

Current thread (0x000000001966b800):  JavaThread "Thread-22" daemon [_thread_in_native, id=6780, stack(0x000000001d880000,0x000000001d980000)]

siginfo: ExceptionCode=0xc0000005, writing address 0x000000018001fe56

Registers:
RAX=0x000000018001c000, RBX=0x0000000000003647, RCX=0x000000018001fe56, RDX=0xfffffffe99494a40
RSP=0x000000001d97f028, RBP=0x00000000194b1250, RSI=0x000000001c69abf0, RDI=0x000000001c69ab30
R8 =0x0000000000003646, R9 =0x0000000000000000, R10=0x0071f31e0000d0ce, R11=0x000000018001c810
R12=0x00000000196860a0, R13=0x0000000000000800, R14=0x000000001d97f1f8, R15=0x000000001966b800
RIP=0x0000000180009ce6, EFLAGS=0x0000000000010202

Top of Stack: (sp=0x000000001d97f028)
0x000000001d97f028:   00000001800039ee 000000000000001e
0x000000001d97f038:   0000000180003252 00007ff9d70524e0
0x000000001d97f048:   0000000000000000 00000000194b1250
0x000000001d97f058:   000000001cd80c40 000000001d97f1d0
0x000000001d97f068:   00007ff9d6f730cd 0000000000000000
0x000000001d97f078:   00007ff9d70524e0 00000000196860a0
0x000000001d97f088:   00007ff9d6f756ee 0000000000000001
0x000000001d97f098:   000000001d97f070 00000000196860a0
0x000000001d97f0a8:   00007ff9ddb94caf 00000000194b1250
0x000000001d97f0b8:   000000001d97f1f0 00000000196860a0
0x000000001d97f0c8:   000000001966b9f8 000000001966b9f8
0x000000001d97f0d8:   00007ff9ddb936da 00000000194b1250
0x000000001d97f0e8:   000000001d97f1f0 00000000196860a0
0x000000001d97f0f8:   0000000000000800 000000000000000a
0x000000001d97f108:   0000000000000001 0000000000000002
0x000000001d97f118:   000000001d97f0e0 00000000196860a0 

Instructions: (pc=0x0000000180009ce6)
0x0000000180009cc6:   66 90 66 90 49 03 c8 49 83 f8 08 72 61 f6 c1 07
0x0000000180009cd6:   74 36 f6 c1 01 74 0b 48 ff c9 8a 04 0a 49 ff c8
0x0000000180009ce6:   88 01 f6 c1 02 74 0f 48 83 e9 02 66 8b 04 0a 49
0x0000000180009cf6:   83 e8 02 66 89 01 f6 c1 04 74 0d 48 83 e9 04 8b 


Register to memory mapping:

RAX=0x000000018001c000 is an unknown value
RBX=0x0000000000003647 is an unknown value
RCX=0x000000018001fe56 is an unknown value
RDX=0xfffffffe99494a40 is an unknown value
RSP=0x000000001d97f028 is pointing into the stack for thread: 0x000000001966b800
RBP=0x00000000194b1250 is an unknown value
RSI=0x000000001c69abf0 is an unknown value
RDI=0x000000001c69ab30 is an unknown value
R8 =0x0000000000003646 is an unknown value
R9 =0x0000000000000000 is an unknown value
R10=0x0071f31e0000d0ce is an unknown value
R11=0x000000018001c810 is an unknown value
R12=0x00000000196860a0 is an unknown value
R13=0x0000000000000800 is an unknown value
R14=0x000000001d97f1f8 is pointing into the stack for thread: 0x000000001966b800
R15=0x000000001966b800 is a thread


Stack: [0x000000001d880000,0x000000001d980000],  sp=0x000000001d97f028,  free space=1020k
Native frames: (J=compiled Java code, j=interpreted, Vv=VM code, C=native code)
C  [zkfpslibLow.dll+0x9ce6]

Java frames: (J=compiled Java code, j=interpreted, Vv=VM code)
j  com.zkteco.biometric.ZKFPService.MatchFP([B[B)I+0
j  com.zkteco.biometric.FingerprintSensorEx.DBMatch(J[B[B)I+12
j  com.imildo.represencas_api_fingerprint_.controller.SessaoController.getTemplate()Ljava/lang/Integer;+229
j  com.imildo.represencas_api_fingerprint_.controller.SessaoController.access$1100(Lcom/imildo/represencas_api_fingerprint_/controller/SessaoController;)Ljava/lang/Integer;+1
j  com.imildo.represencas_api_fingerprint_.controller.SessaoController$WorkThread.run()V+216
v  ~StubRoutines::call_stub

---------------  P R O C E S S  ---------------

Java Threads: ( => current thread )
=>0x000000001966b800 JavaThread "Thread-22" daemon [_thread_in_native, id=6780, stack(0x000000001d880000,0x000000001d980000)]
  0x0000000019667000 JavaThread "RMI TCP Connection(idle)" daemon [_thread_blocked, id=8072, stack(0x000000001c700000,0x000000001c800000)]
  0x0000000019664000 JavaThread "RMI TCP Connection(idle)" daemon [_thread_blocked, id=7676, stack(0x000000001c500000,0x000000001c600000)]
  0x000000001966b000 JavaThread "DestroyJavaVM" [_thread_blocked, id=5608, stack(0x00000000023c0000,0x00000000024c0000)]
  0x0000000019666800 JavaThread "http-nio-8081-Acceptor" daemon [_thread_in_native, id=932, stack(0x000000001c400000,0x000000001c500000)]
  0x0000000019665800 JavaThread "http-nio-8081-ClientPoller" daemon [_thread_in_native, id=5156, stack(0x000000001c300000,0x000000001c400000)]
  0x000000001966a000 JavaThread "http-nio-8081-exec-10" daemon [_thread_blocked, id=6524, stack(0x000000001c200000,0x000000001c300000)]
  0x0000000019669800 JavaThread "http-nio-8081-exec-9" daemon [_thread_blocked, id=7664, stack(0x000000001c100000,0x000000001c200000)]
  0x0000000019668000 JavaThread "http-nio-8081-exec-8" daemon [_thread_blocked, id=8052, stack(0x000000001c000000,0x000000001c100000)]
  0x0000000019668800 JavaThread "http-nio-8081-exec-7" daemon [_thread_blocked, id=3868, stack(0x000000001bf00000,0x000000001c000000)]
  0x0000000018e3f800 JavaThread "http-nio-8081-exec-6" daemon [_thread_blocked, id=4940, stack(0x000000001be00000,0x000000001bf00000)]
  0x0000000018e3f000 JavaThread "http-nio-8081-exec-5" daemon [_thread_blocked, id=7268, stack(0x000000001bd00000,0x000000001be00000)]
  0x0000000018e3d800 JavaThread "http-nio-8081-exec-4" daemon [_thread_blocked, id=180, stack(0x000000001bc00000,0x000000001bd00000)]
  0x0000000018e3c800 JavaThread "http-nio-8081-exec-3" daemon [_thread_blocked, id=4560, stack(0x000000001bb00000,0x000000001bc00000)]
  0x0000000018e42800 JavaThread "http-nio-8081-exec-2" daemon [_thread_blocked, id=7340, stack(0x000000001ba00000,0x000000001bb00000)]
  0x0000000018e40800 JavaThread "http-nio-8081-exec-1" daemon [_thread_blocked, id=844, stack(0x000000001b900000,0x000000001ba00000)]
  0x0000000018e3e000 JavaThread "http-nio-8081-BlockPoller" daemon [_thread_in_native, id=7768, stack(0x000000001b800000,0x000000001b900000)]
  0x0000000018e41000 JavaThread "HikariPool-1 housekeeper" daemon [_thread_blocked, id=6248, stack(0x000000001a700000,0x000000001a800000)]
  0x0000000018e43800 JavaThread "Abandoned connection cleanup thread" daemon [_thread_blocked, id=6608, stack(0x000000001a300000,0x000000001a400000)]
  0x0000000018e17800 JavaThread "container-0" [_thread_blocked, id=4140, stack(0x000000001a200000,0x000000001a300000)]
  0x0000000018d7e800 JavaThread "Catalina-utility-2" [_thread_blocked, id=6532, stack(0x000000001a100000,0x000000001a200000)]
  0x0000000018d7e000 JavaThread "Catalina-utility-1" [_thread_blocked, id=7612, stack(0x0000000018030000,0x0000000018130000)]
  0x0000000016e33800 JavaThread "RMI TCP Connection(idle)" daemon [_thread_blocked, id=7284, stack(0x0000000017d30000,0x0000000017e30000)]
  0x0000000016e44000 JavaThread "RMI Scheduler(0)" daemon [_thread_blocked, id=5240, stack(0x0000000017b50000,0x0000000017c50000)]
  0x0000000016ce8000 JavaThread "RMI TCP Connection(idle)" daemon [_thread_blocked, id=4240, stack(0x0000000017a50000,0x0000000017b50000)]
  0x0000000016cd4800 JavaThread "RMI TCP Accept-0" daemon [_thread_in_native, id=4016, stack(0x0000000017850000,0x0000000017950000)]
  0x0000000016cc0000 JavaThread "RMI TCP Accept-60934" daemon [_thread_in_native, id=8068, stack(0x0000000017750000,0x0000000017850000)]
  0x0000000016cbc800 JavaThread "RMI TCP Accept-0" daemon [_thread_in_native, id=5644, stack(0x0000000017650000,0x0000000017750000)]
  0x00000000165d5000 JavaThread "Service Thread" daemon [_thread_blocked, id=5868, stack(0x0000000016a10000,0x0000000016b10000)]
  0x00000000165cc000 JavaThread "C1 CompilerThread2" daemon [_thread_blocked, id=7404, stack(0x0000000016910000,0x0000000016a10000)]
  0x0000000016563800 JavaThread "C2 CompilerThread1" daemon [_thread_blocked, id=8012, stack(0x0000000016810000,0x0000000016910000)]
  0x0000000016563000 JavaThread "C2 CompilerThread0" daemon [_thread_blocked, id=536, stack(0x0000000016710000,0x0000000016810000)]
  0x0000000016503000 JavaThread "Monitor Ctrl-Break" daemon [_thread_in_native, id=6188, stack(0x0000000016610000,0x0000000016710000)]
  0x0000000014cb5000 JavaThread "Attach Listener" daemon [_thread_blocked, id=5964, stack(0x0000000016110000,0x0000000016210000)]
  0x0000000014cb4000 JavaThread "Signal Dispatcher" daemon [_thread_blocked, id=3560, stack(0x0000000016010000,0x0000000016110000)]
  0x00000000026b7000 JavaThread "Finalizer" daemon [_thread_blocked, id=5884, stack(0x0000000015f10000,0x0000000016010000)]
  0x00000000026b4000 JavaThread "Reference Handler" daemon [_thread_blocked, id=4116, stack(0x0000000015e10000,0x0000000015f10000)]

Other Threads:
  0x0000000014c77800 VMThread [stack: 0x0000000015d10000,0x0000000015e10000] [id=716]
  0x0000000016cd6800 WatcherThread [stack: 0x0000000017950000,0x0000000017a50000] [id=7260]

VM state:not at safepoint (normal execution)

VM Mutex/Monitor currently owned by a thread: None

Heap:
 PSYoungGen      total 134144K, used 69932K [0x00000000eb300000, 0x00000000f5f00000, 0x0000000100000000)
  eden space 123904K, 48% used [0x00000000eb300000,0x00000000eed4e888,0x00000000f2c00000)
  from space 10240K, 99% used [0x00000000f2c00000,0x00000000f35fcad0,0x00000000f3600000)
  to   space 12800K, 0% used [0x00000000f5280000,0x00000000f5280000,0x00000000f5f00000)
 ParOldGen       total 60928K, used 20200K [0x00000000c1800000, 0x00000000c5380000, 0x00000000eb300000)
  object space 60928K, 33% used [0x00000000c1800000,0x00000000c2bba3a0,0x00000000c5380000)
 Metaspace       used 50041K, capacity 52816K, committed 53120K, reserved 1095680K
  class space    used 7013K, capacity 7518K, committed 7552K, reserved 1048576K

Card table byte_map: [0x0000000011a80000,0x0000000011c80000] byte_map_base: 0x0000000011474000

Marking Bits: (ParMarkBitMap*) 0x0000000055334040
 Begin Bits: [0x00000000121d0000, 0x0000000013170000)
 End Bits:   [0x0000000013170000, 0x0000000014110000)

Polling page: 0x0000000000920000

CodeCache: size=245760Kb used=7163Kb max_used=7198Kb free=238596Kb
 bounds [0x00000000026c0000, 0x0000000002dd0000, 0x00000000116c0000]
 total_blobs=4386 nmethods=3823 adapters=474
 compilation: enabled

Compilation events (10 events):
Event: 34.603 Thread 0x00000000165cc000 3867       1       java.util.HashMap::forEach (103 bytes)
Event: 34.604 Thread 0x00000000165cc000 nmethod 3867 0x0000000002ad9c10 code [0x0000000002ad9da0, 0x0000000002ada0a8]
Event: 34.607 Thread 0x00000000165cc000 3868       1       sun.reflect.generics.scope.AbstractScope::getRecvr (5 bytes)
Event: 34.608 Thread 0x00000000165cc000 nmethod 3868 0x0000000002ad9950 code [0x0000000002ad9aa0, 0x0000000002ad9bb0]
Event: 34.610 Thread 0x00000000165cc000 3869       1       com.mysql.jdbc.Buffer::writeByte (23 bytes)
Event: 34.611 Thread 0x00000000165cc000 nmethod 3869 0x0000000002ad9550 code [0x0000000002ad96c0, 0x0000000002ad9848]
Event: 34.611 Thread 0x00000000165cc000 3870       1       java.io.FileDescriptor$1::get (5 bytes)
Event: 34.611 Thread 0x00000000165cc000 nmethod 3870 0x0000000002ad9250 code [0x0000000002ad93a0, 0x0000000002ad94b0]
Event: 34.612 Thread 0x00000000165cc000 3871       1       java.net.DualStackPlainSocketImpl::checkAndReturnNativeFD (40 bytes)
Event: 34.612 Thread 0x00000000165cc000 nmethod 3871 0x0000000002ad8d90 code [0x0000000002ad8f00, 0x0000000002ad9128]

GC Heap History (10 events):
Event: 4.412 GC heap before
{Heap before GC invocations=9 (full 1):
 PSYoungGen      total 71168K, used 64512K [0x00000000eb300000, 0x00000000f3d00000, 0x0000000100000000)
  eden space 64512K, 100% used [0x00000000eb300000,0x00000000ef200000,0x00000000ef200000)
  from space 6656K, 0% used [0x00000000ef200000,0x00000000ef200000,0x00000000ef880000)
  to   space 6144K, 0% used [0x00000000f3700000,0x00000000f3700000,0x00000000f3d00000)
 ParOldGen       total 34304K, used 6952K [0x00000000c1800000, 0x00000000c3980000, 0x00000000eb300000)
  object space 34304K, 20% used [0x00000000c1800000,0x00000000c1eca108,0x00000000c3980000)
 Metaspace       used 23399K, capacity 24498K, committed 24704K, reserved 1071104K
  class space    used 3192K, capacity 3448K, committed 3456K, reserved 1048576K
Event: 4.421 GC heap after
Heap after GC invocations=9 (full 1):
 PSYoungGen      total 101376K, used 5581K [0x00000000eb300000, 0x00000000f3c80000, 0x0000000100000000)
  eden space 95744K, 0% used [0x00000000eb300000,0x00000000eb300000,0x00000000f1080000)
  from space 5632K, 99% used [0x00000000f3700000,0x00000000f3c73420,0x00000000f3c80000)
  to   space 6656K, 0% used [0x00000000f2f80000,0x00000000f2f80000,0x00000000f3600000)
 ParOldGen       total 34304K, used 6960K [0x00000000c1800000, 0x00000000c3980000, 0x00000000eb300000)
  object space 34304K, 20% used [0x00000000c1800000,0x00000000c1ecc108,0x00000000c3980000)
 Metaspace       used 23399K, capacity 24498K, committed 24704K, reserved 1071104K
  class space    used 3192K, capacity 3448K, committed 3456K, reserved 1048576K
}
Event: 5.445 GC heap before
{Heap before GC invocations=10 (full 1):
 PSYoungGen      total 101376K, used 101325K [0x00000000eb300000, 0x00000000f3c80000, 0x0000000100000000)
  eden space 95744K, 100% used [0x00000000eb300000,0x00000000f1080000,0x00000000f1080000)
  from space 5632K, 99% used [0x00000000f3700000,0x00000000f3c73420,0x00000000f3c80000)
  to   space 6656K, 0% used [0x00000000f2f80000,0x00000000f2f80000,0x00000000f3600000)
 ParOldGen       total 34304K, used 6960K [0x00000000c1800000, 0x00000000c3980000, 0x00000000eb300000)
  object space 34304K, 20% used [0x00000000c1800000,0x00000000c1ecc108,0x00000000c3980000)
 Metaspace       used 27718K, capacity 29372K, committed 29568K, reserved 1075200K
  class space    used 3792K, capacity 4123K, committed 4224K, reserved 1048576K
Event: 5.458 GC heap after
Heap after GC invocations=10 (full 1):
 PSYoungGen      total 128512K, used 6629K [0x00000000eb300000, 0x00000000f3a00000, 0x0000000100000000)
  eden space 121856K, 0% used [0x00000000eb300000,0x00000000eb300000,0x00000000f2a00000)
  from space 6656K, 99% used [0x00000000f2f80000,0x00000000f35f97f0,0x00000000f3600000)
  to   space 4096K, 0% used [0x00000000f3600000,0x00000000f3600000,0x00000000f3a00000)
 ParOldGen       total 34304K, used 8473K [0x00000000c1800000, 0x00000000c3980000, 0x00000000eb300000)
  object space 34304K, 24% used [0x00000000c1800000,0x00000000c2046608,0x00000000c3980000)
 Metaspace       used 27718K, capacity 29372K, committed 29568K, reserved 1075200K
  class space    used 3792K, capacity 4123K, committed 4224K, reserved 1048576K
}
Event: 6.367 GC heap before
{Heap before GC invocations=11 (full 1):
 PSYoungGen      total 128512K, used 58642K [0x00000000eb300000, 0x00000000f3a00000, 0x0000000100000000)
  eden space 121856K, 42% used [0x00000000eb300000,0x00000000ee5cb3b8,0x00000000f2a00000)
  from space 6656K, 99% used [0x00000000f2f80000,0x00000000f35f97f0,0x00000000f3600000)
  to   space 4096K, 0% used [0x00000000f3600000,0x00000000f3600000,0x00000000f3a00000)
 ParOldGen       total 34304K, used 8473K [0x00000000c1800000, 0x00000000c3980000, 0x00000000eb300000)
  object space 34304K, 24% used [0x00000000c1800000,0x00000000c2046608,0x00000000c3980000)
 Metaspace       used 33568K, capacity 35268K, committed 35496K, reserved 1079296K
  class space    used 4533K, capacity 4861K, committed 4864K, reserved 1048576K
Event: 6.383 GC heap after
Heap after GC invocations=11 (full 1):
 PSYoungGen      total 128000K, used 4084K [0x00000000eb300000, 0x00000000f5d80000, 0x0000000100000000)
  eden space 123904K, 0% used [0x00000000eb300000,0x00000000eb300000,0x00000000f2c00000)
  from space 4096K, 99% used [0x00000000f3600000,0x00000000f39fd1a0,0x00000000f3a00000)
  to   space 10240K, 0% used [0x00000000f2c00000,0x00000000f2c00000,0x00000000f3600000)
 ParOldGen       total 34304K, used 16369K [0x00000000c1800000, 0x00000000c3980000, 0x00000000eb300000)
  object space 34304K, 47% used [0x00000000c1800000,0x00000000c27fc618,0x00000000c3980000)
 Metaspace       used 33568K, capacity 35268K, committed 35496K, reserved 1079296K
  class space    used 4533K, capacity 4861K, committed 4864K, reserved 1048576K
}
Event: 6.383 GC heap before
{Heap before GC invocations=12 (full 2):
 PSYoungGen      total 128000K, used 4084K [0x00000000eb300000, 0x00000000f5d80000, 0x0000000100000000)
  eden space 123904K, 0% used [0x00000000eb300000,0x00000000eb300000,0x00000000f2c00000)
  from space 4096K, 99% used [0x00000000f3600000,0x00000000f39fd1a0,0x00000000f3a00000)
  to   space 10240K, 0% used [0x00000000f2c00000,0x00000000f2c00000,0x00000000f3600000)
 ParOldGen       total 34304K, used 16369K [0x00000000c1800000, 0x00000000c3980000, 0x00000000eb300000)
  object space 34304K, 47% used [0x00000000c1800000,0x00000000c27fc618,0x00000000c3980000)
 Metaspace       used 33568K, capacity 35268K, committed 35496K, reserved 1079296K
  class space    used 4533K, capacity 4861K, committed 4864K, reserved 1048576K
Event: 6.516 GC heap after
Heap after GC invocations=12 (full 2):
 PSYoungGen      total 128000K, used 0K [0x00000000eb300000, 0x00000000f5d80000, 0x0000000100000000)
  eden space 123904K, 0% used [0x00000000eb300000,0x00000000eb300000,0x00000000f2c00000)
  from space 4096K, 0% used [0x00000000f3600000,0x00000000f3600000,0x00000000f3a00000)
  to   space 10240K, 0% used [0x00000000f2c00000,0x00000000f2c00000,0x00000000f3600000)
 ParOldGen       total 60928K, used 16807K [0x00000000c1800000, 0x00000000c5380000, 0x00000000eb300000)
  object space 60928K, 27% used [0x00000000c1800000,0x00000000c2869e70,0x00000000c5380000)
 Metaspace       used 33568K, capacity 35268K, committed 35496K, reserved 1079296K
  class space    used 4533K, capacity 4861K, committed 4864K, reserved 1048576K
}
Event: 8.456 GC heap before
{Heap before GC invocations=13 (full 2):
 PSYoungGen      total 128000K, used 123904K [0x00000000eb300000, 0x00000000f5d80000, 0x0000000100000000)
  eden space 123904K, 100% used [0x00000000eb300000,0x00000000f2c00000,0x00000000f2c00000)
  from space 4096K, 0% used [0x00000000f3600000,0x00000000f3600000,0x00000000f3a00000)
  to   space 10240K, 0% used [0x00000000f2c00000,0x00000000f2c00000,0x00000000f3600000)
 ParOldGen       total 60928K, used 16807K [0x00000000c1800000, 0x00000000c5380000, 0x00000000eb300000)
  object space 60928K, 27% used [0x00000000c1800000,0x00000000c2869e70,0x00000000c5380000)
 Metaspace       used 45089K, capacity 47422K, committed 47616K, reserved 1089536K
  class space    used 6378K, capacity 6786K, committed 6912K, reserved 1048576K
Event: 8.475 GC heap after
Heap after GC invocations=13 (full 2):
 PSYoungGen      total 134144K, used 10226K [0x00000000eb300000, 0x00000000f5f00000, 0x0000000100000000)
  eden space 123904K, 0% used [0x00000000eb300000,0x00000000eb300000,0x00000000f2c00000)
  from space 10240K, 99% used [0x00000000f2c00000,0x00000000f35fcad0,0x00000000f3600000)
  to   space 12800K, 0% used [0x00000000f5280000,0x00000000f5280000,0x00000000f5f00000)
 ParOldGen       total 60928K, used 20200K [0x00000000c1800000, 0x00000000c5380000, 0x00000000eb300000)
  object space 60928K, 33% used [0x00000000c1800000,0x00000000c2bba3a0,0x00000000c5380000)
 Metaspace       used 45089K, capacity 47422K, committed 47616K, reserved 1089536K
  class space    used 6378K, capacity 6786K, committed 6912K, reserved 1048576K
}

Deoptimization events (0 events):
No events

Internal exceptions (10 events):
Event: 8.717 Thread 0x00000000025c6000 Exception <a 'java/lang/ArrayIndexOutOfBoundsException'> (0x00000000ec1dbd88) thrown at [C:\re\workspace\8-2-build-windows-amd64-cygwin\jdk8u45\3457\hotspot\src\share\vm\runtime\sharedRuntime.cpp, line 605]
Event: 8.722 Thread 0x00000000025c6000 Exception <a 'java/lang/ArrayIndexOutOfBoundsException'> (0x00000000ec1f7180) thrown at [C:\re\workspace\8-2-build-windows-amd64-cygwin\jdk8u45\3457\hotspot\src\share\vm\runtime\sharedRuntime.cpp, line 605]
Event: 8.723 Thread 0x00000000025c6000 Exception <a 'java/lang/ArrayIndexOutOfBoundsException'> (0x00000000ec1faf08) thrown at [C:\re\workspace\8-2-build-windows-amd64-cygwin\jdk8u45\3457\hotspot\src\share\vm\runtime\sharedRuntime.cpp, line 605]
Event: 8.781 Thread 0x00000000025c6000 Exception <a 'java/lang/ArrayIndexOutOfBoundsException'> (0x00000000ec5a12c8) thrown at [C:\re\workspace\8-2-build-windows-amd64-cygwin\jdk8u45\3457\hotspot\src\share\vm\runtime\sharedRuntime.cpp, line 605]
Event: 8.803 Thread 0x00000000025c6000 Exception <a 'java/lang/ArrayIndexOutOfBoundsException'> (0x00000000ec6a21d8) thrown at [C:\re\workspace\8-2-build-windows-amd64-cygwin\jdk8u45\3457\hotspot\src\share\vm\runtime\sharedRuntime.cpp, line 605]
Event: 8.804 Thread 0x00000000025c6000 Exception <a 'java/lang/ArrayIndexOutOfBoundsException'> (0x00000000ec6af420) thrown at [C:\re\workspace\8-2-build-windows-amd64-cygwin\jdk8u45\3457\hotspot\src\share\vm\runtime\sharedRuntime.cpp, line 605]
Event: 8.804 Thread 0x00000000025c6000 Exception <a 'java/lang/ArrayIndexOutOfBoundsException'> (0x00000000ec6b1080) thrown at [C:\re\workspace\8-2-build-windows-amd64-cygwin\jdk8u45\3457\hotspot\src\share\vm\runtime\sharedRuntime.cpp, line 605]
Event: 34.557 Thread 0x000000001966b800 Exception <a 'java/lang/NoSuchMethodError': java.lang.Object.lambda$mapIfAllPresent$6(Ljava/util/Optional;Ljava/util/function/BiFunction;Ljava/lang/Object;)Ljava/util/Optional;> (0x00000000ee9ef088) thrown at [C:\re\workspace\8-2-build-windows-amd64-cygwin
Event: 34.557 Thread 0x000000001966b800 Exception <a 'java/lang/NoSuchMethodError': java.lang.Object.lambda$null$5(Ljava/util/function/BiFunction;Ljava/lang/Object;Ljava/lang/Object;)Ljava/lang/Object;> (0x00000000ee9f38a8) thrown at [C:\re\workspace\8-2-build-windows-amd64-cygwin\jdk8u45\3457\h¡ècøMA@
Event: 34.607 Thread 0x000000001966b800 Exception <a 'java/lang/ArrayIndexOutOfBoundsException'> (0x00000000eec9ba98) thrown at [C:\re\workspace\8-2-build-windows-amd64-cygwin\jdk8u45\3457\hotspot\src\share\vm\runtime\sharedRuntime.cpp, line 605]

Events (10 events):
Event: 34.607 loading class org/springframework/data/repository/core/support/QueryExecutionResultHandler$ReturnTypeDescriptor
Event: 34.607 loading class org/springframework/data/repository/core/support/QueryExecutionResultHandler$ReturnTypeDescriptor done
Event: 34.608 loading class org/springframework/data/repository/util/ReactiveWrapperConverters
Event: 34.608 loading class org/springframework/data/repository/util/ReactiveWrapperConverters done
Event: 34.610 loading class org/springframework/data/repository/util/ReactiveWrapperConverters$RegistryHolder
Event: 34.610 loading class org/springframework/data/repository/util/ReactiveWrapperConverters$RegistryHolder done
Event: 34.612 loading class org/hibernate/engine/internal/EntityEntryContext$EntityEntryCrossRefImpl
Event: 34.612 loading class org/hibernate/engine/internal/EntityEntryContext$EntityEntryCrossRefImpl done
Event: 34.612 loading class org/hibernate/engine/internal/EntityEntryContext$EntityEntryCrossRef
Event: 34.612 loading class org/hibernate/engine/internal/EntityEntryContext$EntityEntryCrossRef done


Dynamic libraries:
0x00007ff65de70000 - 0x00007ff65dea7000 	C:\Program Files\Java\jdk1.8.0_45\bin\java.exe
0x00007ffa017c0000 - 0x00007ffa01982000 	C:\Windows\SYSTEM32\ntdll.dll
0x00007ff9fee80000 - 0x00007ff9fef2d000 	C:\Windows\system32\KERNEL32.DLL
0x00007ff9fe570000 - 0x00007ff9fe74d000 	C:\Windows\system32\KERNELBASE.dll
0x00007ff9ff0c0000 - 0x00007ff9ff166000 	C:\Windows\system32\ADVAPI32.dll
0x00007ffa010f0000 - 0x00007ffa0118d000 	C:\Windows\system32\msvcrt.dll
0x00007ffa01190000 - 0x00007ffa011eb000 	C:\Windows\system32\sechost.dll
0x00007ffa00e70000 - 0x00007ffa00f96000 	C:\Windows\system32\RPCRT4.dll
0x00007ffa00a40000 - 0x00007ffa00b8e000 	C:\Windows\system32\USER32.dll
0x00007ff9fef30000 - 0x00007ff9ff0b3000 	C:\Windows\system32\GDI32.dll
0x00007ff9ee210000 - 0x00007ff9ee484000 	C:\Windows\WinSxS\amd64_microsoft.windows.common-controls_6595b64144ccf1df_6.0.10240.17184_none_f41d7a705752bce6\COMCTL32.dll
0x00007ffa00e20000 - 0x00007ffa00e56000 	C:\Windows\system32\IMM32.DLL
0x00007ffa01260000 - 0x00007ffa013bc000 	C:\Windows\system32\MSCTF.dll
0x00000000553c0000 - 0x0000000055492000 	C:\Program Files\Java\jdk1.8.0_45\jre\bin\msvcr100.dll
0x0000000054b30000 - 0x00000000553b3000 	C:\Program Files\Java\jdk1.8.0_45\jre\bin\server\jvm.dll
0x00007ffa00e10000 - 0x00007ffa00e18000 	C:\Windows\system32\PSAPI.DLL
0x00007ff9f0ff0000 - 0x00007ff9f0ff9000 	C:\Windows\SYSTEM32\WSOCK32.dll
0x00007ffa007b0000 - 0x00007ffa00819000 	C:\Windows\system32\WS2_32.dll
0x00007ffa01250000 - 0x00007ffa01258000 	C:\Windows\system32\NSI.dll
0x00007ff9fc340000 - 0x00007ff9fc363000 	C:\Windows\SYSTEM32\WINMM.dll
0x00007ff9f3100000 - 0x00007ff9f310a000 	C:\Windows\SYSTEM32\VERSION.dll
0x00007ff9fc310000 - 0x00007ff9fc33c000 	C:\Windows\SYSTEM32\WINMMBASE.dll
0x00007ff9fee30000 - 0x00007ff9fee74000 	C:\Windows\system32\cfgmgr32.dll
0x00007ff9fcb60000 - 0x00007ff9fcb87000 	C:\Windows\SYSTEM32\DEVOBJ.dll
0x0000000054b20000 - 0x0000000054b2f000 	C:\Program Files\Java\jdk1.8.0_45\jre\bin\verify.dll
0x0000000054af0000 - 0x0000000054b19000 	C:\Program Files\Java\jdk1.8.0_45\jre\bin\java.dll
0x00000000547f0000 - 0x0000000054813000 	C:\Program Files\Java\jdk1.8.0_45\jre\bin\instrument.dll
0x0000000054ad0000 - 0x0000000054ae6000 	C:\Program Files\Java\jdk1.8.0_45\jre\bin\zip.dll
0x00007ff9ff220000 - 0x00007ffa00743000 	C:\Windows\system32\SHELL32.dll
0x00007ff9fe750000 - 0x00007ff9fed79000 	C:\Windows\system32\windows.storage.dll
0x00007ffa00b90000 - 0x00007ffa00e0c000 	C:\Windows\system32\combase.dll
0x00007ffa00750000 - 0x00007ffa007a1000 	C:\Windows\system32\shlwapi.dll
0x00007ff9fe1e0000 - 0x00007ff9fe1ef000 	C:\Windows\system32\kernel.appcore.dll
0x00007ff9fe280000 - 0x00007ff9fe333000 	C:\Windows\system32\shcore.dll
0x00007ff9fe210000 - 0x00007ff9fe25a000 	C:\Windows\system32\powrprof.dll
0x00007ff9fe1f0000 - 0x00007ff9fe203000 	C:\Windows\system32\profapi.dll
0x00007ff9f4860000 - 0x00007ff9f487a000 	C:\Program Files\JetBrains\IntelliJ IDEA 2018.3\bin\breakgen64.dll
0x0000000054ab0000 - 0x0000000054aca000 	C:\Program Files\Java\jdk1.8.0_45\jre\bin\net.dll
0x00007ff9fd9f0000 - 0x00007ff9fda4d000 	C:\Windows\system32\mswsock.dll
0x0000000054820000 - 0x000000005482d000 	C:\Program Files\Java\jdk1.8.0_45\jre\bin\management.dll
0x0000000054a90000 - 0x0000000054aa1000 	C:\Program Files\Java\jdk1.8.0_45\jre\bin\nio.dll
0x00007ff9f37b0000 - 0x00007ff9f37c5000 	C:\Windows\system32\napinsp.dll
0x00007ff9f3790000 - 0x00007ff9f37aa000 	C:\Windows\system32\pnrpnsp.dll
0x00007ff9fbe50000 - 0x00007ff9fbe68000 	C:\Windows\system32\NLAapi.dll
0x00007ff9fd790000 - 0x00007ff9fd838000 	C:\Windows\SYSTEM32\DNSAPI.dll
0x00007ff9f3780000 - 0x00007ff9f378d000 	C:\Windows\System32\winrnr.dll
0x00007ff9f3760000 - 0x00007ff9f3775000 	C:\Windows\system32\wshbth.dll
0x00007ff9f3d90000 - 0x00007ff9f3d9a000 	C:\Windows\System32\rasadhlp.dll
0x00007ff9f87b0000 - 0x00007ff9f87e8000 	C:\Windows\SYSTEM32\IPHLPAPI.DLL
0x00007ff9f9d90000 - 0x00007ff9f9d9b000 	C:\Windows\SYSTEM32\WINNSI.DLL
0x00007ff9f63e0000 - 0x00007ff9f6448000 	C:\Windows\System32\fwpuclnt.dll
0x00007ff9fe070000 - 0x00007ff9fe098000 	C:\Windows\SYSTEM32\bcrypt.dll
0x00007ff9fda50000 - 0x00007ff9fda67000 	C:\Windows\SYSTEM32\CRYPTSP.dll
0x00007ff9fd6a0000 - 0x00007ff9fd6d3000 	C:\Windows\system32\rsaenh.dll
0x00007ff9fd840000 - 0x00007ff9fd85f000 	C:\Windows\SYSTEM32\USERENV.dll
0x00007ff9fdfa0000 - 0x00007ff9fe00b000 	C:\Windows\system32\bcryptprimitives.dll
0x00007ff9fdbc0000 - 0x00007ff9fdbcb000 	C:\Windows\SYSTEM32\CRYPTBASE.dll
0x00007ff9f8200000 - 0x00007ff9f8216000 	C:\Windows\SYSTEM32\dhcpcsvc6.DLL
0x00007ff9f8580000 - 0x00007ff9f859a000 	C:\Windows\SYSTEM32\dhcpcsvc.DLL
0x00007ff9ddb90000 - 0x00007ff9ddbda000 	C:\Windows\System32\libzkfp.dll
0x00007ffa015f0000 - 0x00007ffa016b2000 	C:\Windows\system32\OLEAUT32.dll
0x00007ff9d6f70000 - 0x00007ff9d7062000 	C:\Windows\SYSTEM32\fpslib.dll
0x00007ff9f4880000 - 0x00007ff9f489e000 	C:\Windows\SYSTEM32\ZKFPCap.dll
0x00007ff9f4400000 - 0x00007ff9f441d000 	C:\Windows\SYSTEM32\ZKFPSensors\libidfprcap.dll
0x00007ffa013c0000 - 0x00007ffa01585000 	C:\Windows\system32\SETUPAPI.dll
0x00007ff9f1a90000 - 0x00007ff9f1abd000 	C:\Windows\SYSTEM32\ZKFPSensors\libsilkidcap.dll
0x00007ff9e8fc0000 - 0x00007ff9e8fdc000 	C:\Windows\SYSTEM32\libzksensorcore.dll
0x00000000547d0000 - 0x00000000547e5000 	C:\Windows\SYSTEM32\libusb0.dll
0x00007ff9d9a00000 - 0x00007ff9d9a48000 	C:\Windows\SYSTEM32\ZKFPSensors\libzklibcap.dll
0x0000000180000000 - 0x0000000180022000 	C:\Windows\SYSTEM32\zkfpslibLow.dll
0x000000001cd90000 - 0x000000001d4a0000 	C:\Windows\SYSTEM32\fppswsk.dll
0x00007ff9f1610000 - 0x00007ff9f1694000 	C:\Windows\SYSTEM32\WINSPOOL.DRV
0x00007ff9fe510000 - 0x00007ff9fe564000 	C:\Windows\system32\WINTRUST.dll
0x00007ff9fe260000 - 0x00007ff9fe271000 	C:\Windows\system32\MSASN1.dll
0x00007ff9fe340000 - 0x00007ff9fe501000 	C:\Windows\system32\CRYPT32.dll
0x00007ff9e8c30000 - 0x00007ff9e8dba000 	C:\Windows\SYSTEM32\dbghelp.dll

VM Arguments:
jvm_args: -XX:TieredStopAtLevel=1 -Xverify:none -Dspring.output.ansi.enabled=always -Dcom.sun.management.jmxremote -Dcom.sun.management.jmxremote.port=60934 -Dcom.sun.management.jmxremote.authenticate=false -Dcom.sun.management.jmxremote.ssl=false -Djava.rmi.server.hostname=localhost -Dspring.liveBeansView.mbeanDomain -Dspring.application.admin.enabled=true -javaagent:C:\Program Files\JetBrains\IntelliJ IDEA 2018.3\lib\idea_rt.jar=60935:C:\Program Files\JetBrains\IntelliJ IDEA 2018.3\bin -Dfile.encoding=UTF-8 
java_command: com.imildo.represencas_api_fingerprint_.RepresencasApiFingerprintApplication
java_class_path (initial): C:\Program Files\Java\jdk1.8.0_45\jre\lib\charsets.jar;C:\Program Files\Java\jdk1.8.0_45\jre\lib\deploy.jar;C:\Program Files\Java\jdk1.8.0_45\jre\lib\ext\access-bridge-64.jar;C:\Program Files\Java\jdk1.8.0_45\jre\lib\ext\cldrdata.jar;C:\Program Files\Java\jdk1.8.0_45\jre\lib\ext\dnsns.jar;C:\Program Files\Java\jdk1.8.0_45\jre\lib\ext\jaccess.jar;C:\Program Files\Java\jdk1.8.0_45\jre\lib\ext\jfxrt.jar;C:\Program Files\Java\jdk1.8.0_45\jre\lib\ext\localedata.jar;C:\Program Files\Java\jdk1.8.0_45\jre\lib\ext\nashorn.jar;C:\Program Files\Java\jdk1.8.0_45\jre\lib\ext\sunec.jar;C:\Program Files\Java\jdk1.8.0_45\jre\lib\ext\sunjce_provider.jar;C:\Program Files\Java\jdk1.8.0_45\jre\lib\ext\sunmscapi.jar;C:\Program Files\Java\jdk1.8.0_45\jre\lib\ext\sunpkcs11.jar;C:\Program Files\Java\jdk1.8.0_45\jre\lib\ext\zipfs.jar;C:\Program Files\Java\jdk1.8.0_45\jre\lib\javaws.jar;C:\Program Files\Java\jdk1.8.0_45\jre\lib\jce.jar;C:\Program Files\Java\jdk1.8.0_45\jre\lib\jfr.jar;C:\Program Files\Java\jdk1.8.0_45\jre\lib\jfxswt.jar;C:\Program Files\Java\jdk1.8.0_45\jre\lib\jsse.jar;C:\Program Files\Java\jdk1.8.0_45\jre\lib\management-agent.jar;C:\Program Files\Java\jdk1.8.0_45\jre\lib\plugin.jar;C:\Program Files\Java\jdk1.8.0_45\jre\lib\resources.jar;C:\Program Files\Java\jdk1.8.0_45\jre\lib\rt.jar;C:\Users\Imildo Sitoe\OneDrive\Trabalho de Conclusao do Curso - Represencas\Web Project\represencas_api_fingerprint_\target\classes;C:\Users\Imildo Sitoe\.m2\repository\org\springframework\boot\spring-boot-starter-data-jpa\2.2.5.RELEASE\spring-boot-starter-data-jpa-2.2.5.RELEASE.jar;C:\Users\Imildo Sitoe\.m2\repository\org\springframework\boot\spring-boot-starter-aop\2.2.5.RELEASE\spring-boot-starter-aop-2.2.5.RELEASE.jar;C:\Users\Imildo Sitoe\.m2\repository\org\springframework\spring-aop\5.2.4.RELEASE\spring-aop-5.2.4.RELEASE.jar;C:\Users\Imildo Sitoe\.m2\repository\org\aspectj\aspectjweaver\1.9.5\aspectjweaver-1.9.5.jar;C:\Users\Imildo Sitoe\.m2\repository\org\s
Launcher Type: SUN_STANDARD

Environment Variables:
PATH=C:\ProgramData\Oracle\Java\javapath;C:\Windows\system32;C:\Windows;C:\Windows\System32\Wbem;C:\Windows\System32\WindowsPowerShell\v1.0\;C:\Program Files\Git\cmd;C:\Program Files (x86)\Common Files\lenovo\easyplussdk\bin;C:\Program Files\nodejs\;C:\xampp\php;C:\composer;C:\Program Files (x86)\Neurotechnology\FreeFingerprintVerificationSDK 1.0\bin\Win32_x86;;C:\Program Files\Microsoft VS Code\bin;C:\Users\Imildo Sitoe\AppData\Roaming\npm;C:\Program Files\JetBrains\PhpStorm 2019.3\bin;;C:\Users\Imildo Sitoe\AppData\Roaming\Composer\vendor\bin
USERNAME=Imildo Sitoe
OS=Windows_NT
PROCESSOR_IDENTIFIER=Intel64 Family 6 Model 58 Stepping 9, GenuineIntel



---------------  S Y S T E M  ---------------

OS: Windows 10.0 , 64 bit Build 10240 (10.0.10240.17113)

CPU:total 4 (2 cores per cpu, 2 threads per core) family 6 model 58 stepping 9, cmov, cx8, fxsr, mmx, sse, sse2, sse3, ssse3, sse4.1, sse4.2, popcnt, avx, clmul, erms, ht, tsc, tscinvbit, tscinv

Memory: 4k page, physical 4091160k(594928k free), swap 8809752k(3401232k free)

vm_info: Java HotSpot(TM) 64-Bit Server VM (25.45-b02) for windows-amd64 JRE (1.8.0_45-b14), built on Apr 10 2015 10:34:15 by "java_re" with MS VC++ 10.0 (VS2010)

time: Sat Mar 28 10:05:02 2020
elapsed time: 34 seconds (0d 0h 0m 34s)

