#
# A fatal error has been detected by the Java Runtime Environment:
#
#  EXCEPTION_ACCESS_VIOLATION (0xc0000005) at pc=0x0000000180009ce6, pid=4612, tid=1360
#
# JRE version: Java(TM) SE Runtime Environment (8.0_45-b14) (build 1.8.0_45-b14)
# Java VM: Java HotSpot(TM) 64-Bit Server VM (25.45-b02 mixed mode windows-amd64 compressed oops)
# Problematic frame:
# C  [zkfpslibLow.dll+0x9ce6]
#
# Failed to write core dump. Minidumps are not enabled by default on client versions of Windows
#
# If you would like to submit a bug report, please visit:
#   http://bugreport.java.com/bugreport/crash.jsp
# The crash happened outside the Java Virtual Machine in native code.
# See problematic frame for where to report the bug.
#

---------------  T H R E A D  ---------------

Current thread (0x0000000019f1c000):  JavaThread "Thread-41" daemon [_thread_in_native, id=1360, stack(0x000000001e8d0000,0x000000001e9d0000)]

siginfo: ExceptionCode=0xc0000005, writing address 0x000000018001fe56

Registers:
RAX=0x000000018001c065, RBX=0x0000000000003647, RCX=0x000000018001fe56, RDX=0xfffffffe9a00f270
RSP=0x000000001e9cf058, RBP=0x000000001a02ba80, RSI=0x000000001e3eaaa0, RDI=0x000000001e3eabd0
R8 =0x0000000000003646, R9 =0x0000000000000000, R10=0x000032325253074a, R11=0x000000018001c810
R12=0x000000001a0c8530, R13=0x0000000000000800, R14=0x000000001e9cf228, R15=0x0000000019f1c000
RIP=0x0000000180009ce6, EFLAGS=0x0000000000010202

Top of Stack: (sp=0x000000001e9cf058)
0x000000001e9cf058:   00000001800039ee 000000000000001e
0x000000001e9cf068:   0000000180003252 00007ff9d70524e0
0x000000001e9cf078:   0000000000000000 000000001a02ba80
0x000000001e9cf088:   0000000003280c40 000000001e9cf200
0x000000001e9cf098:   00007ff9d6f730cd 0000000000000000
0x000000001e9cf0a8:   00007ff9d70524e0 000000001a0c8530
0x000000001e9cf0b8:   000000001e9cf120 0000000000000001
0x000000001e9cf0c8:   000000001e9cf0a0 000000001a0c8530
0x000000001e9cf0d8:   00007ff9d9a04caf 000000001a02ba80
0x000000001e9cf0e8:   000000001e9cf220 000000001a0c8530
0x000000001e9cf0f8:   0000000019f1c1f8 0000000019f1c1f8
0x000000001e9cf108:   00007ff9d9a036da 000000001a02ba80
0x000000001e9cf118:   000000001e9cf220 000000001a0c8530
0x000000001e9cf128:   0000000000000800 000000010000000a
0x000000001e9cf138:   0000000000000001 0000000019f1c000
0x000000001e9cf148:   000000001e9cf110 000000001a0c8530 

Instructions: (pc=0x0000000180009ce6)
0x0000000180009cc6:   66 90 66 90 49 03 c8 49 83 f8 08 72 61 f6 c1 07
0x0000000180009cd6:   74 36 f6 c1 01 74 0b 48 ff c9 8a 04 0a 49 ff c8
0x0000000180009ce6:   88 01 f6 c1 02 74 0f 48 83 e9 02 66 8b 04 0a 49
0x0000000180009cf6:   83 e8 02 66 89 01 f6 c1 04 74 0d 48 83 e9 04 8b 


Register to memory mapping:

RAX=0x000000018001c065 is an unknown value
RBX=0x0000000000003647 is an unknown value
RCX=0x000000018001fe56 is an unknown value
RDX=0xfffffffe9a00f270 is an unknown value
RSP=0x000000001e9cf058 is pointing into the stack for thread: 0x0000000019f1c000
RBP=0x000000001a02ba80 is an unknown value
RSI=0x000000001e3eaaa0 is an unknown value
RDI=0x000000001e3eabd0 is an unknown value
R8 =0x0000000000003646 is an unknown value
R9 =0x0000000000000000 is an unknown value
R10=0x000032325253074a is an unknown value
R11=0x000000018001c810 is an unknown value
R12=0x000000001a0c8530 is an unknown value
R13=0x0000000000000800 is an unknown value
R14=0x000000001e9cf228 is pointing into the stack for thread: 0x0000000019f1c000
R15=0x0000000019f1c000 is a thread


Stack: [0x000000001e8d0000,0x000000001e9d0000],  sp=0x000000001e9cf058,  free space=1020k
Native frames: (J=compiled Java code, j=interpreted, Vv=VM code, C=native code)
C  [zkfpslibLow.dll+0x9ce6]

Java frames: (J=compiled Java code, j=interpreted, Vv=VM code)
j  com.zkteco.biometric.ZKFPService.MatchFP([B[B)I+0
j  com.zkteco.biometric.FingerprintSensorEx.DBMatch(J[B[B)I+12
j  com.imildo.represencas_api_fingerprint_.controller.SessaoController.getTemplate()Ljava/lang/Integer;+349
j  com.imildo.represencas_api_fingerprint_.controller.SessaoController.access$1100(Lcom/imildo/represencas_api_fingerprint_/controller/SessaoController;)Ljava/lang/Integer;+1
j  com.imildo.represencas_api_fingerprint_.controller.SessaoController$WorkThread.run()V+216
v  ~StubRoutines::call_stub

---------------  P R O C E S S  ---------------

Java Threads: ( => current thread )
=>0x0000000019f1c000 JavaThread "Thread-41" daemon [_thread_in_native, id=1360, stack(0x000000001e8d0000,0x000000001e9d0000)]
  0x0000000019f15000 JavaThread "RMI TCP Connection(idle)" daemon [_thread_blocked, id=3984, stack(0x000000001d310000,0x000000001d410000)]
  0x0000000019f1a800 JavaThread "RMI TCP Connection(3)-127.0.0.1" daemon [_thread_in_native, id=3044, stack(0x000000001d110000,0x000000001d210000)]
  0x0000000019f14800 JavaThread "DestroyJavaVM" [_thread_blocked, id=4200, stack(0x0000000002f40000,0x0000000003040000)]
  0x0000000019f19800 JavaThread "http-nio-8081-Acceptor" daemon [_thread_in_native, id=7352, stack(0x000000001d010000,0x000000001d110000)]
  0x0000000019f1b000 JavaThread "http-nio-8081-ClientPoller" daemon [_thread_in_native, id=7484, stack(0x000000001cf10000,0x000000001d010000)]
  0x0000000019f13000 JavaThread "http-nio-8081-exec-10" daemon [_thread_blocked, id=6560, stack(0x000000001ce10000,0x000000001cf10000)]
  0x0000000019f12000 JavaThread "http-nio-8081-exec-9" daemon [_thread_blocked, id=7624, stack(0x000000001cd10000,0x000000001ce10000)]
  0x0000000019f19000 JavaThread "http-nio-8081-exec-8" daemon [_thread_blocked, id=7996, stack(0x000000001cc10000,0x000000001cd10000)]
  0x0000000019f13800 JavaThread "http-nio-8081-exec-7" daemon [_thread_blocked, id=868, stack(0x000000001cb10000,0x000000001cc10000)]
  0x0000000019f18000 JavaThread "http-nio-8081-exec-6" daemon [_thread_blocked, id=7176, stack(0x000000001ca10000,0x000000001cb10000)]
  0x0000000019f16800 JavaThread "http-nio-8081-exec-5" daemon [_thread_blocked, id=8176, stack(0x000000001c910000,0x000000001ca10000)]
  0x0000000019f17800 JavaThread "http-nio-8081-exec-4" daemon [_thread_blocked, id=5964, stack(0x000000001c810000,0x000000001c910000)]
  0x0000000019f11800 JavaThread "http-nio-8081-exec-3" daemon [_thread_blocked, id=5272, stack(0x000000001c710000,0x000000001c810000)]
  0x0000000019607800 JavaThread "http-nio-8081-exec-2" daemon [_thread_blocked, id=8184, stack(0x000000001c610000,0x000000001c710000)]
  0x0000000019605000 JavaThread "http-nio-8081-exec-1" daemon [_thread_blocked, id=6664, stack(0x000000001c510000,0x000000001c610000)]
  0x0000000019606800 JavaThread "http-nio-8081-BlockPoller" daemon [_thread_in_native, id=7812, stack(0x000000001b610000,0x000000001b710000)]
  0x0000000019604800 JavaThread "HikariPool-1 housekeeper" daemon [_thread_blocked, id=3560, stack(0x000000001b410000,0x000000001b510000)]
  0x0000000019606000 JavaThread "Abandoned connection cleanup thread" daemon [_thread_blocked, id=4564, stack(0x000000001b010000,0x000000001b110000)]
  0x0000000019a5b800 JavaThread "container-0" [_thread_blocked, id=6320, stack(0x000000001af10000,0x000000001b010000)]
  0x0000000019a5b000 JavaThread "Catalina-utility-2" [_thread_blocked, id=3544, stack(0x000000001a610000,0x000000001a710000)]
  0x0000000019a8a000 JavaThread "Catalina-utility-1" [_thread_blocked, id=3516, stack(0x0000000018d40000,0x0000000018e40000)]
  0x0000000017b25800 JavaThread "RMI TCP Connection(5)-127.0.0.1" daemon [_thread_in_native, id=7828, stack(0x0000000018a40000,0x0000000018b40000)]
  0x0000000017b07000 JavaThread "RMI Scheduler(0)" daemon [_thread_blocked, id=8148, stack(0x0000000018860000,0x0000000018960000)]
  0x0000000017a62000 JavaThread "RMI TCP Connection(1)-127.0.0.1" daemon [_thread_in_native, id=5564, stack(0x0000000018760000,0x0000000018860000)]
  0x00000000179d3000 JavaThread "RMI TCP Accept-0" daemon [_thread_in_native, id=7324, stack(0x0000000018560000,0x0000000018660000)]
  0x00000000179ca800 JavaThread "RMI TCP Accept-49623" daemon [_thread_in_native, id=7932, stack(0x0000000018460000,0x0000000018560000)]
  0x00000000179bd000 JavaThread "RMI TCP Accept-0" daemon [_thread_in_native, id=7928, stack(0x0000000018360000,0x0000000018460000)]
  0x00000000172f2000 JavaThread "Service Thread" daemon [_thread_blocked, id=4024, stack(0x0000000017720000,0x0000000017820000)]
  0x00000000172ed000 JavaThread "C1 CompilerThread2" daemon [_thread_blocked, id=2412, stack(0x0000000017620000,0x0000000017720000)]
  0x000000001727d800 JavaThread "C2 CompilerThread1" daemon [_thread_blocked, id=6588, stack(0x0000000017520000,0x0000000017620000)]
  0x0000000017278800 JavaThread "C2 CompilerThread0" daemon [_thread_blocked, id=6104, stack(0x0000000017420000,0x0000000017520000)]
  0x0000000017277000 JavaThread "Monitor Ctrl-Break" daemon [_thread_in_native, id=1668, stack(0x0000000017320000,0x0000000017420000)]
  0x00000000159c2000 JavaThread "Attach Listener" daemon [_thread_blocked, id=5880, stack(0x0000000016e20000,0x0000000016f20000)]
  0x00000000159c1000 JavaThread "Signal Dispatcher" daemon [_thread_blocked, id=1308, stack(0x0000000016d20000,0x0000000016e20000)]
  0x00000000033cb000 JavaThread "Finalizer" daemon [_thread_blocked, id=4552, stack(0x0000000016c20000,0x0000000016d20000)]
  0x00000000033c2000 JavaThread "Reference Handler" daemon [_thread_blocked, id=8024, stack(0x0000000016b20000,0x0000000016c20000)]

Other Threads:
  0x0000000015988000 VMThread [stack: 0x0000000016a20000,0x0000000016b20000] [id=8140]
  0x00000000179d5800 WatcherThread [stack: 0x0000000018660000,0x0000000018760000] [id=7424]

VM state:not at safepoint (normal execution)

VM Mutex/Monitor currently owned by a thread: None

Heap:
 PSYoungGen      total 133632K, used 70084K [0x00000000eb300000, 0x00000000f6280000, 0x0000000100000000)
  eden space 124928K, 49% used [0x00000000eb300000,0x00000000eeef18d0,0x00000000f2d00000)
  from space 8704K, 99% used [0x00000000f2d00000,0x00000000f357f7c0,0x00000000f3580000)
  to   space 11264K, 0% used [0x00000000f5780000,0x00000000f5780000,0x00000000f6280000)
 ParOldGen       total 53248K, used 21720K [0x00000000c1800000, 0x00000000c4c00000, 0x00000000eb300000)
  object space 53248K, 40% used [0x00000000c1800000,0x00000000c2d36198,0x00000000c4c00000)
 Metaspace       used 50059K, capacity 52806K, committed 53120K, reserved 1095680K
  class space    used 7010K, capacity 7489K, committed 7552K, reserved 1048576K

Card table byte_map: [0x0000000012790000,0x0000000012990000] byte_map_base: 0x0000000012184000

Marking Bits: (ParMarkBitMap*) 0x0000000055334040
 Begin Bits: [0x0000000012ee0000, 0x0000000013e80000)
 End Bits:   [0x0000000013e80000, 0x0000000014e20000)

Polling page: 0x0000000002f10000

CodeCache: size=245760Kb used=7275Kb max_used=7275Kb free=238484Kb
 bounds [0x00000000033d0000, 0x0000000003af0000, 0x00000000123d0000]
 total_blobs=4429 nmethods=3866 adapters=474
 compilation: enabled

Compilation events (10 events):
Event: 46.639 Thread 0x00000000172ed000 3915       1       org.hibernate.type.AbstractStandardBasicType::isComponentType (2 bytes)
Event: 46.639 Thread 0x00000000172ed000 nmethod 3915 0x0000000003aea090 code [0x0000000003aea1e0, 0x0000000003aea2f0]
Event: 46.647 Thread 0x00000000172ed000 3916       1       com.mysql.jdbc.Buffer::writeByte (23 bytes)
Event: 46.648 Thread 0x00000000172ed000 nmethod 3916 0x0000000003aea350 code [0x0000000003aea4c0, 0x0000000003aea648]
Event: 46.648 Thread 0x00000000172ed000 3917       1       java.io.FileDescriptor::valid (25 bytes)
Event: 46.648 Thread 0x00000000172ed000 nmethod 3917 0x0000000003aea750 code [0x0000000003aea8a0, 0x0000000003aea9f0]
Event: 46.648 Thread 0x00000000172ed000 3918       1       java.io.FileDescriptor$1::get (5 bytes)
Event: 46.648 Thread 0x00000000172ed000 nmethod 3918 0x0000000003aeaa50 code [0x0000000003aeaba0, 0x0000000003aeacb0]
Event: 46.649 Thread 0x00000000172ed000 3919       1       java.net.DualStackPlainSocketImpl::checkAndReturnNativeFD (40 bytes)
Event: 46.649 Thread 0x00000000172ed000 nmethod 3919 0x0000000003aead50 code [0x0000000003aeaec0, 0x0000000003aeb0e8]

GC Heap History (10 events):
Event: 9.093 GC heap before
{Heap before GC invocations=11 (full 1):
 PSYoungGen      total 70656K, used 65536K [0x00000000eb300000, 0x00000000f2480000, 0x0000000100000000)
  eden space 65536K, 100% used [0x00000000eb300000,0x00000000ef300000,0x00000000ef300000)
  from space 5120K, 0% used [0x00000000ef300000,0x00000000ef300000,0x00000000ef800000)
  to   space 5632K, 0% used [0x00000000f1f00000,0x00000000f1f00000,0x00000000f2480000)
 ParOldGen       total 29696K, used 5579K [0x00000000c1800000, 0x00000000c3500000, 0x00000000eb300000)
  object space 29696K, 18% used [0x00000000c1800000,0x00000000c1d72c68,0x00000000c3500000)
 Metaspace       used 23362K, capacity 24434K, committed 24448K, reserved 1071104K
  class space    used 3189K, capacity 3448K, committed 3456K, reserved 1048576K
Event: 9.101 GC heap after
Heap after GC invocations=11 (full 1):
 PSYoungGen      total 97792K, used 5603K [0x00000000eb300000, 0x00000000f2480000, 0x0000000100000000)
  eden space 92160K, 0% used [0x00000000eb300000,0x00000000eb300000,0x00000000f0d00000)
  from space 5632K, 99% used [0x00000000f1f00000,0x00000000f2478c88,0x00000000f2480000)
  to   space 6144K, 0% used [0x00000000f1880000,0x00000000f1880000,0x00000000f1e80000)
 ParOldGen       total 29696K, used 5711K [0x00000000c1800000, 0x00000000c3500000, 0x00000000eb300000)
  object space 29696K, 19% used [0x00000000c1800000,0x00000000c1d93d28,0x00000000c3500000)
 Metaspace       used 23362K, capacity 24434K, committed 24448K, reserved 1071104K
  class space    used 3189K, capacity 3448K, committed 3456K, reserved 1048576K
}
Event: 12.783 GC heap before
{Heap before GC invocations=12 (full 1):
 PSYoungGen      total 97792K, used 97706K [0x00000000eb300000, 0x00000000f2480000, 0x0000000100000000)
  eden space 92160K, 99% used [0x00000000eb300000,0x00000000f0cf1c80,0x00000000f0d00000)
  from space 5632K, 99% used [0x00000000f1f00000,0x00000000f2478c88,0x00000000f2480000)
  to   space 6144K, 0% used [0x00000000f1880000,0x00000000f1880000,0x00000000f1e80000)
 ParOldGen       total 29696K, used 5711K [0x00000000c1800000, 0x00000000c3500000, 0x00000000eb300000)
  object space 29696K, 19% used [0x00000000c1800000,0x00000000c1d93d28,0x00000000c3500000)
 Metaspace       used 27745K, capacity 29398K, committed 29568K, reserved 1075200K
  class space    used 3797K, capacity 4100K, committed 4224K, reserved 1048576K
Event: 12.795 GC heap after
Heap after GC invocations=12 (full 1):
 PSYoungGen      total 110080K, used 6127K [0x00000000eb300000, 0x00000000f3d00000, 0x0000000100000000)
  eden space 103936K, 0% used [0x00000000eb300000,0x00000000eb300000,0x00000000f1880000)
  from space 6144K, 99% used [0x00000000f1880000,0x00000000f1e7bf28,0x00000000f1e80000)
  to   space 7680K, 0% used [0x00000000f3580000,0x00000000f3580000,0x00000000f3d00000)
 ParOldGen       total 29696K, used 8025K [0x00000000c1800000, 0x00000000c3500000, 0x00000000eb300000)
  object space 29696K, 27% used [0x00000000c1800000,0x00000000c1fd6528,0x00000000c3500000)
 Metaspace       used 27745K, capacity 29398K, committed 29568K, reserved 1075200K
  class space    used 3797K, capacity 4100K, committed 4224K, reserved 1048576K
}
Event: 15.332 GC heap before
{Heap before GC invocations=13 (full 1):
 PSYoungGen      total 110080K, used 65846K [0x00000000eb300000, 0x00000000f3d00000, 0x0000000100000000)
  eden space 103936K, 57% used [0x00000000eb300000,0x00000000eed51928,0x00000000f1880000)
  from space 6144K, 99% used [0x00000000f1880000,0x00000000f1e7bf28,0x00000000f1e80000)
  to   space 7680K, 0% used [0x00000000f3580000,0x00000000f3580000,0x00000000f3d00000)
 ParOldGen       total 29696K, used 8025K [0x00000000c1800000, 0x00000000c3500000, 0x00000000eb300000)
  object space 29696K, 27% used [0x00000000c1800000,0x00000000c1fd6528,0x00000000c3500000)
 Metaspace       used 33569K, capacity 35262K, committed 35456K, reserved 1079296K
  class space    used 4533K, capacity 4870K, committed 4992K, reserved 1048576K
Event: 15.347 GC heap after
Heap after GC invocations=13 (full 1):
 PSYoungGen      total 132608K, used 7597K [0x00000000eb300000, 0x00000000f4c80000, 0x0000000100000000)
  eden space 124928K, 0% used [0x00000000eb300000,0x00000000eb300000,0x00000000f2d00000)
  from space 7680K, 98% used [0x00000000f3580000,0x00000000f3ceb528,0x00000000f3d00000)
  to   space 8704K, 0% used [0x00000000f2d00000,0x00000000f2d00000,0x00000000f3580000)
 ParOldGen       total 29696K, used 10861K [0x00000000c1800000, 0x00000000c3500000, 0x00000000eb300000)
  object space 29696K, 36% used [0x00000000c1800000,0x00000000c229b598,0x00000000c3500000)
 Metaspace       used 33569K, capacity 35262K, committed 35456K, reserved 1079296K
  class space    used 4533K, capacity 4870K, committed 4992K, reserved 1048576K
}
Event: 15.347 GC heap before
{Heap before GC invocations=14 (full 2):
 PSYoungGen      total 132608K, used 7597K [0x00000000eb300000, 0x00000000f4c80000, 0x0000000100000000)
  eden space 124928K, 0% used [0x00000000eb300000,0x00000000eb300000,0x00000000f2d00000)
  from space 7680K, 98% used [0x00000000f3580000,0x00000000f3ceb528,0x00000000f3d00000)
  to   space 8704K, 0% used [0x00000000f2d00000,0x00000000f2d00000,0x00000000f3580000)
 ParOldGen       total 29696K, used 10861K [0x00000000c1800000, 0x00000000c3500000, 0x00000000eb300000)
  object space 29696K, 36% used [0x00000000c1800000,0x00000000c229b598,0x00000000c3500000)
 Metaspace       used 33569K, capacity 35262K, committed 35456K, reserved 1079296K
  class space    used 4533K, capacity 4870K, committed 4992K, reserved 1048576K
Event: 15.515 GC heap after
Heap after GC invocations=14 (full 2):
 PSYoungGen      total 132608K, used 0K [0x00000000eb300000, 0x00000000f4c80000, 0x0000000100000000)
  eden space 124928K, 0% used [0x00000000eb300000,0x00000000eb300000,0x00000000f2d00000)
  from space 7680K, 0% used [0x00000000f3580000,0x00000000f3580000,0x00000000f3d00000)
  to   space 8704K, 0% used [0x00000000f2d00000,0x00000000f2d00000,0x00000000f3580000)
 ParOldGen       total 53248K, used 16809K [0x00000000c1800000, 0x00000000c4c00000, 0x00000000eb300000)
  object space 53248K, 31% used [0x00000000c1800000,0x00000000c286a4b8,0x00000000c4c00000)
 Metaspace       used 33569K, capacity 35262K, committed 35456K, reserved 1079296K
  class space    used 4533K, capacity 4870K, committed 4992K, reserved 1048576K
}
Event: 19.165 GC heap before
{Heap before GC invocations=15 (full 2):
 PSYoungGen      total 132608K, used 124928K [0x00000000eb300000, 0x00000000f4c80000, 0x0000000100000000)
  eden space 124928K, 100% used [0x00000000eb300000,0x00000000f2d00000,0x00000000f2d00000)
  from space 7680K, 0% used [0x00000000f3580000,0x00000000f3580000,0x00000000f3d00000)
  to   space 8704K, 0% used [0x00000000f2d00000,0x00000000f2d00000,0x00000000f3580000)
 ParOldGen       total 53248K, used 16809K [0x00000000c1800000, 0x00000000c4c00000, 0x00000000eb300000)
  object space 53248K, 31% used [0x00000000c1800000,0x00000000c286a4b8,0x00000000c4c00000)
 Metaspace       used 45041K, capacity 47416K, committed 47616K, reserved 1089536K
  class space    used 6364K, capacity 6795K, committed 6912K, reserved 1048576K
Event: 19.185 GC heap after
Heap after GC invocations=15 (full 2):
 PSYoungGen      total 133632K, used 8701K [0x00000000eb300000, 0x00000000f6280000, 0x0000000100000000)
  eden space 124928K, 0% used [0x00000000eb300000,0x00000000eb300000,0x00000000f2d00000)
  from space 8704K, 99% used [0x00000000f2d00000,0x00000000f357f7c0,0x00000000f3580000)
  to   space 11264K, 0% used [0x00000000f5780000,0x00000000f5780000,0x00000000f6280000)
 ParOldGen       total 53248K, used 21720K [0x00000000c1800000, 0x00000000c4c00000, 0x00000000eb300000)
  object space 53248K, 40% used [0x00000000c1800000,0x00000000c2d36198,0x00000000c4c00000)
 Metaspace       used 45041K, capacity 47416K, committed 47616K, reserved 1089536K
  class space    used 6364K, capacity 6795K, committed 6912K, reserved 1048576K
}

Deoptimization events (0 events):
No events

Internal exceptions (10 events):
Event: 19.721 Thread 0x00000000032d6000 Exception <a 'java/lang/ArrayIndexOutOfBoundsException'> (0x00000000ec2c8518) thrown at [C:\re\workspace\8-2-build-windows-amd64-cygwin\jdk8u45\3457\hotspot\src\share\vm\runtime\sharedRuntime.cpp, line 605]
Event: 19.727 Thread 0x00000000032d6000 Exception <a 'java/lang/ArrayIndexOutOfBoundsException'> (0x00000000ec2e3910) thrown at [C:\re\workspace\8-2-build-windows-amd64-cygwin\jdk8u45\3457\hotspot\src\share\vm\runtime\sharedRuntime.cpp, line 605]
Event: 19.728 Thread 0x00000000032d6000 Exception <a 'java/lang/ArrayIndexOutOfBoundsException'> (0x00000000ec2e7698) thrown at [C:\re\workspace\8-2-build-windows-amd64-cygwin\jdk8u45\3457\hotspot\src\share\vm\runtime\sharedRuntime.cpp, line 605]
Event: 19.800 Thread 0x00000000032d6000 Exception <a 'java/lang/ArrayIndexOutOfBoundsException'> (0x00000000ec666e40) thrown at [C:\re\workspace\8-2-build-windows-amd64-cygwin\jdk8u45\3457\hotspot\src\share\vm\runtime\sharedRuntime.cpp, line 605]
Event: 19.822 Thread 0x00000000032d6000 Exception <a 'java/lang/ArrayIndexOutOfBoundsException'> (0x00000000ec7677f0) thrown at [C:\re\workspace\8-2-build-windows-amd64-cygwin\jdk8u45\3457\hotspot\src\share\vm\runtime\sharedRuntime.cpp, line 605]
Event: 19.823 Thread 0x00000000032d6000 Exception <a 'java/lang/ArrayIndexOutOfBoundsException'> (0x00000000ec7749f0) thrown at [C:\re\workspace\8-2-build-windows-amd64-cygwin\jdk8u45\3457\hotspot\src\share\vm\runtime\sharedRuntime.cpp, line 605]
Event: 19.823 Thread 0x00000000032d6000 Exception <a 'java/lang/ArrayIndexOutOfBoundsException'> (0x00000000ec776710) thrown at [C:\re\workspace\8-2-build-windows-amd64-cygwin\jdk8u45\3457\hotspot\src\share\vm\runtime\sharedRuntime.cpp, line 605]
Event: 46.571 Thread 0x0000000019f1c000 Exception <a 'java/lang/NoSuchMethodError': java.lang.Object.lambda$mapIfAllPresent$6(Ljava/util/Optional;Ljava/util/function/BiFunction;Ljava/lang/Object;)Ljava/util/Optional;> (0x00000000eeb3d220) thrown at [C:\re\workspace\8-2-build-windows-amd64-cygwinÒH~IG@
Event: 46.571 Thread 0x0000000019f1c000 Exception <a 'java/lang/NoSuchMethodError': java.lang.Object.lambda$null$5(Ljava/util/function/BiFunction;Ljava/lang/Object;Ljava/lang/Object;)Ljava/lang/Object;> (0x00000000eeb41a40) thrown at [C:\re\workspace\8-2-build-windows-amd64-cygwin\jdk8u45\3457\h4ªMI}RG@
Event: 46.644 Thread 0x0000000019f1c000 Exception <a 'java/lang/ArrayIndexOutOfBoundsException'> (0x00000000eee49ee8) thrown at [C:\re\workspace\8-2-build-windows-amd64-cygwin\jdk8u45\3457\hotspot\src\share\vm\runtime\sharedRuntime.cpp, line 605]

Events (10 events):
Event: 46.644 loading class org/springframework/data/repository/core/support/QueryExecutionResultHandler$ReturnTypeDescriptor
Event: 46.644 loading class org/springframework/data/repository/core/support/QueryExecutionResultHandler$ReturnTypeDescriptor done
Event: 46.645 loading class org/springframework/data/repository/util/ReactiveWrapperConverters
Event: 46.645 loading class org/springframework/data/repository/util/ReactiveWrapperConverters done
Event: 46.646 loading class org/springframework/data/repository/util/ReactiveWrapperConverters$RegistryHolder
Event: 46.646 loading class org/springframework/data/repository/util/ReactiveWrapperConverters$RegistryHolder done
Event: 46.649 loading class org/hibernate/engine/internal/EntityEntryContext$EntityEntryCrossRefImpl
Event: 46.649 loading class org/hibernate/engine/internal/EntityEntryContext$EntityEntryCrossRefImpl done
Event: 46.649 loading class org/hibernate/engine/internal/EntityEntryContext$EntityEntryCrossRef
Event: 46.649 loading class org/hibernate/engine/internal/EntityEntryContext$EntityEntryCrossRef done


Dynamic libraries:
0x00007ff65de70000 - 0x00007ff65dea7000 	C:\Program Files\Java\jdk1.8.0_45\bin\java.exe
0x00007ffa017c0000 - 0x00007ffa01982000 	C:\Windows\SYSTEM32\ntdll.dll
0x00007ff9fee80000 - 0x00007ff9fef2d000 	C:\Windows\system32\KERNEL32.DLL
0x00007ff9fe570000 - 0x00007ff9fe74d000 	C:\Windows\system32\KERNELBASE.dll
0x00007ff9ff0c0000 - 0x00007ff9ff166000 	C:\Windows\system32\ADVAPI32.dll
0x00007ffa010f0000 - 0x00007ffa0118d000 	C:\Windows\system32\msvcrt.dll
0x00007ffa01190000 - 0x00007ffa011eb000 	C:\Windows\system32\sechost.dll
0x00007ffa00e70000 - 0x00007ffa00f96000 	C:\Windows\system32\RPCRT4.dll
0x00007ffa00a40000 - 0x00007ffa00b8e000 	C:\Windows\system32\USER32.dll
0x00007ff9fef30000 - 0x00007ff9ff0b3000 	C:\Windows\system32\GDI32.dll
0x00007ff9ee210000 - 0x00007ff9ee484000 	C:\Windows\WinSxS\amd64_microsoft.windows.common-controls_6595b64144ccf1df_6.0.10240.17184_none_f41d7a705752bce6\COMCTL32.dll
0x00007ffa00e20000 - 0x00007ffa00e56000 	C:\Windows\system32\IMM32.DLL
0x00007ffa01260000 - 0x00007ffa013bc000 	C:\Windows\system32\MSCTF.dll
0x00000000553c0000 - 0x0000000055492000 	C:\Program Files\Java\jdk1.8.0_45\jre\bin\msvcr100.dll
0x0000000054b30000 - 0x00000000553b3000 	C:\Program Files\Java\jdk1.8.0_45\jre\bin\server\jvm.dll
0x00007ffa00e10000 - 0x00007ffa00e18000 	C:\Windows\system32\PSAPI.DLL
0x00007ff9f0ff0000 - 0x00007ff9f0ff9000 	C:\Windows\SYSTEM32\WSOCK32.dll
0x00007ffa007b0000 - 0x00007ffa00819000 	C:\Windows\system32\WS2_32.dll
0x00007ff9fc340000 - 0x00007ff9fc363000 	C:\Windows\SYSTEM32\WINMM.dll
0x00007ffa01250000 - 0x00007ffa01258000 	C:\Windows\system32\NSI.dll
0x00007ff9f3100000 - 0x00007ff9f310a000 	C:\Windows\SYSTEM32\VERSION.dll
0x00007ff9fc310000 - 0x00007ff9fc33c000 	C:\Windows\SYSTEM32\WINMMBASE.dll
0x00007ff9fee30000 - 0x00007ff9fee74000 	C:\Windows\system32\cfgmgr32.dll
0x00007ff9fcb60000 - 0x00007ff9fcb87000 	C:\Windows\SYSTEM32\DEVOBJ.dll
0x0000000054b20000 - 0x0000000054b2f000 	C:\Program Files\Java\jdk1.8.0_45\jre\bin\verify.dll
0x0000000054af0000 - 0x0000000054b19000 	C:\Program Files\Java\jdk1.8.0_45\jre\bin\java.dll
0x00000000547f0000 - 0x0000000054813000 	C:\Program Files\Java\jdk1.8.0_45\jre\bin\instrument.dll
0x0000000054ad0000 - 0x0000000054ae6000 	C:\Program Files\Java\jdk1.8.0_45\jre\bin\zip.dll
0x00007ff9ff220000 - 0x00007ffa00743000 	C:\Windows\system32\SHELL32.dll
0x00007ff9fe750000 - 0x00007ff9fed79000 	C:\Windows\system32\windows.storage.dll
0x00007ffa00b90000 - 0x00007ffa00e0c000 	C:\Windows\system32\combase.dll
0x00007ffa00750000 - 0x00007ffa007a1000 	C:\Windows\system32\shlwapi.dll
0x00007ff9fe1e0000 - 0x00007ff9fe1ef000 	C:\Windows\system32\kernel.appcore.dll
0x00007ff9fe280000 - 0x00007ff9fe333000 	C:\Windows\system32\shcore.dll
0x00007ff9fe210000 - 0x00007ff9fe25a000 	C:\Windows\system32\powrprof.dll
0x00007ff9fe1f0000 - 0x00007ff9fe203000 	C:\Windows\system32\profapi.dll
0x00007ff9f1aa0000 - 0x00007ff9f1aba000 	C:\Program Files\JetBrains\IntelliJ IDEA 2018.3\bin\breakgen64.dll
0x0000000054ab0000 - 0x0000000054aca000 	C:\Program Files\Java\jdk1.8.0_45\jre\bin\net.dll
0x00007ff9fd9f0000 - 0x00007ff9fda4d000 	C:\Windows\system32\mswsock.dll
0x0000000054820000 - 0x000000005482d000 	C:\Program Files\Java\jdk1.8.0_45\jre\bin\management.dll
0x0000000054a90000 - 0x0000000054aa1000 	C:\Program Files\Java\jdk1.8.0_45\jre\bin\nio.dll
0x00007ff9f37b0000 - 0x00007ff9f37c5000 	C:\Windows\system32\napinsp.dll
0x00007ff9f3790000 - 0x00007ff9f37aa000 	C:\Windows\system32\pnrpnsp.dll
0x00007ff9fbe50000 - 0x00007ff9fbe68000 	C:\Windows\system32\NLAapi.dll
0x00007ff9fd790000 - 0x00007ff9fd838000 	C:\Windows\SYSTEM32\DNSAPI.dll
0x00007ff9f3780000 - 0x00007ff9f378d000 	C:\Windows\System32\winrnr.dll
0x00007ff9f3760000 - 0x00007ff9f3775000 	C:\Windows\system32\wshbth.dll
0x00007ff9f3d90000 - 0x00007ff9f3d9a000 	C:\Windows\System32\rasadhlp.dll
0x00007ff9f87b0000 - 0x00007ff9f87e8000 	C:\Windows\SYSTEM32\IPHLPAPI.DLL
0x00007ff9f9d90000 - 0x00007ff9f9d9b000 	C:\Windows\SYSTEM32\WINNSI.DLL
0x00007ff9f63e0000 - 0x00007ff9f6448000 	C:\Windows\System32\fwpuclnt.dll
0x00007ff9fe070000 - 0x00007ff9fe098000 	C:\Windows\SYSTEM32\bcrypt.dll
0x00007ff9fda50000 - 0x00007ff9fda67000 	C:\Windows\SYSTEM32\CRYPTSP.dll
0x00007ff9fd6a0000 - 0x00007ff9fd6d3000 	C:\Windows\system32\rsaenh.dll
0x00007ff9fd840000 - 0x00007ff9fd85f000 	C:\Windows\SYSTEM32\USERENV.dll
0x00007ff9fdfa0000 - 0x00007ff9fe00b000 	C:\Windows\system32\bcryptprimitives.dll
0x00007ff9fdbc0000 - 0x00007ff9fdbcb000 	C:\Windows\SYSTEM32\CRYPTBASE.dll
0x00007ff9f8200000 - 0x00007ff9f8216000 	C:\Windows\SYSTEM32\dhcpcsvc6.DLL
0x00007ff9f8580000 - 0x00007ff9f859a000 	C:\Windows\SYSTEM32\dhcpcsvc.DLL
0x00007ff9d9a00000 - 0x00007ff9d9a4a000 	C:\Windows\System32\libzkfp.dll
0x00007ffa015f0000 - 0x00007ffa016b2000 	C:\Windows\system32\OLEAUT32.dll
0x00007ff9e8f90000 - 0x00007ff9e8fae000 	C:\Windows\SYSTEM32\ZKFPCap.dll
0x00007ff9d6f70000 - 0x00007ff9d7062000 	C:\Windows\SYSTEM32\fpslib.dll
0x00007ff9e8090000 - 0x00007ff9e80ad000 	C:\Windows\SYSTEM32\ZKFPSensors\libidfprcap.dll
0x00007ffa013c0000 - 0x00007ffa01585000 	C:\Windows\system32\SETUPAPI.dll
0x00007ff9d9900000 - 0x00007ff9d992d000 	C:\Windows\SYSTEM32\ZKFPSensors\libsilkidcap.dll
0x00007ff9d9f10000 - 0x00007ff9d9f2c000 	C:\Windows\SYSTEM32\libzksensorcore.dll
0x00000000547d0000 - 0x00000000547e5000 	C:\Windows\SYSTEM32\libusb0.dll
0x00007ff9d6f20000 - 0x00007ff9d6f68000 	C:\Windows\SYSTEM32\ZKFPSensors\libzklibcap.dll
0x0000000180000000 - 0x0000000180022000 	C:\Windows\SYSTEM32\zkfpslibLow.dll
0x000000001db30000 - 0x000000001e240000 	C:\Windows\SYSTEM32\fppswsk.dll
0x00007ff9f1610000 - 0x00007ff9f1694000 	C:\Windows\SYSTEM32\WINSPOOL.DRV
0x00007ff9fe510000 - 0x00007ff9fe564000 	C:\Windows\system32\WINTRUST.dll
0x00007ff9fe260000 - 0x00007ff9fe271000 	C:\Windows\system32\MSASN1.dll
0x00007ff9fe340000 - 0x00007ff9fe501000 	C:\Windows\system32\CRYPT32.dll
0x00007ff9e8c30000 - 0x00007ff9e8dba000 	C:\Windows\SYSTEM32\dbghelp.dll

VM Arguments:
jvm_args: -XX:TieredStopAtLevel=1 -Xverify:none -Dspring.output.ansi.enabled=always -Dcom.sun.management.jmxremote -Dcom.sun.management.jmxremote.port=49623 -Dcom.sun.management.jmxremote.authenticate=false -Dcom.sun.management.jmxremote.ssl=false -Djava.rmi.server.hostname=localhost -Dspring.liveBeansView.mbeanDomain -Dspring.application.admin.enabled=true -javaagent:C:\Program Files\JetBrains\IntelliJ IDEA 2018.3\lib\idea_rt.jar=49624:C:\Program Files\JetBrains\IntelliJ IDEA 2018.3\bin -Dfile.encoding=UTF-8 
java_command: com.imildo.represencas_api_fingerprint_.RepresencasApiFingerprintApplication
java_class_path (initial): C:\Program Files\Java\jdk1.8.0_45\jre\lib\charsets.jar;C:\Program Files\Java\jdk1.8.0_45\jre\lib\deploy.jar;C:\Program Files\Java\jdk1.8.0_45\jre\lib\ext\access-bridge-64.jar;C:\Program Files\Java\jdk1.8.0_45\jre\lib\ext\cldrdata.jar;C:\Program Files\Java\jdk1.8.0_45\jre\lib\ext\dnsns.jar;C:\Program Files\Java\jdk1.8.0_45\jre\lib\ext\jaccess.jar;C:\Program Files\Java\jdk1.8.0_45\jre\lib\ext\jfxrt.jar;C:\Program Files\Java\jdk1.8.0_45\jre\lib\ext\localedata.jar;C:\Program Files\Java\jdk1.8.0_45\jre\lib\ext\nashorn.jar;C:\Program Files\Java\jdk1.8.0_45\jre\lib\ext\sunec.jar;C:\Program Files\Java\jdk1.8.0_45\jre\lib\ext\sunjce_provider.jar;C:\Program Files\Java\jdk1.8.0_45\jre\lib\ext\sunmscapi.jar;C:\Program Files\Java\jdk1.8.0_45\jre\lib\ext\sunpkcs11.jar;C:\Program Files\Java\jdk1.8.0_45\jre\lib\ext\zipfs.jar;C:\Program Files\Java\jdk1.8.0_45\jre\lib\javaws.jar;C:\Program Files\Java\jdk1.8.0_45\jre\lib\jce.jar;C:\Program Files\Java\jdk1.8.0_45\jre\lib\jfr.jar;C:\Program Files\Java\jdk1.8.0_45\jre\lib\jfxswt.jar;C:\Program Files\Java\jdk1.8.0_45\jre\lib\jsse.jar;C:\Program Files\Java\jdk1.8.0_45\jre\lib\management-agent.jar;C:\Program Files\Java\jdk1.8.0_45\jre\lib\plugin.jar;C:\Program Files\Java\jdk1.8.0_45\jre\lib\resources.jar;C:\Program Files\Java\jdk1.8.0_45\jre\lib\rt.jar;C:\Users\Imildo Sitoe\OneDrive\Trabalho de Conclusao do Curso - Represencas\Web Project\represencas_api_fingerprint_\target\classes;C:\Users\Imildo Sitoe\.m2\repository\org\springframework\boot\spring-boot-starter-data-jpa\2.2.5.RELEASE\spring-boot-starter-data-jpa-2.2.5.RELEASE.jar;C:\Users\Imildo Sitoe\.m2\repository\org\springframework\boot\spring-boot-starter-aop\2.2.5.RELEASE\spring-boot-starter-aop-2.2.5.RELEASE.jar;C:\Users\Imildo Sitoe\.m2\repository\org\springframework\spring-aop\5.2.4.RELEASE\spring-aop-5.2.4.RELEASE.jar;C:\Users\Imildo Sitoe\.m2\repository\org\aspectj\aspectjweaver\1.9.5\aspectjweaver-1.9.5.jar;C:\Users\Imildo Sitoe\.m2\repository\org\s
Launcher Type: SUN_STANDARD

Environment Variables:
PATH=C:\ProgramData\Oracle\Java\javapath;C:\Windows\system32;C:\Windows;C:\Windows\System32\Wbem;C:\Windows\System32\WindowsPowerShell\v1.0\;C:\Program Files\Git\cmd;C:\Program Files (x86)\Common Files\lenovo\easyplussdk\bin;C:\Program Files\nodejs\;C:\xampp\php;C:\composer;C:\Program Files (x86)\Neurotechnology\FreeFingerprintVerificationSDK 1.0\bin\Win32_x86;;C:\Program Files\Microsoft VS Code\bin;C:\Users\Imildo Sitoe\AppData\Roaming\npm;C:\Program Files\JetBrains\PhpStorm 2019.3\bin;;C:\Users\Imildo Sitoe\AppData\Roaming\Composer\vendor\bin
USERNAME=Imildo Sitoe
OS=Windows_NT
PROCESSOR_IDENTIFIER=Intel64 Family 6 Model 58 Stepping 9, GenuineIntel



---------------  S Y S T E M  ---------------

OS: Windows 10.0 , 64 bit Build 10240 (10.0.10240.17113)

CPU:total 4 (2 cores per cpu, 2 threads per core) family 6 model 58 stepping 9, cmov, cx8, fxsr, mmx, sse, sse2, sse3, ssse3, sse4.1, sse4.2, popcnt, avx, clmul, erms, ht, tsc, tscinvbit, tscinv

Memory: 4k page, physical 4091160k(384724k free), swap 8809752k(3353064k free)

vm_info: Java HotSpot(TM) 64-Bit Server VM (25.45-b02) for windows-amd64 JRE (1.8.0_45-b14), built on Apr 10 2015 10:34:15 by "java_re" with MS VC++ 10.0 (VS2010)

time: Sat Mar 28 10:45:12 2020
elapsed time: 47 seconds (0d 0h 0m 47s)

